Building DAG of jobs...
Using shell: /usr/bin/bash
Provided cores: 3
Rules claiming more threads will be scaled down.
Job stats:
job                      count    min threads    max threads
---------------------  -------  -------------  -------------
all                          1              1              1
journal_formatting           1              1              1
journal_visualisation        1              1              1
list_download                1              1              1
total                        4              1              1

Select jobs to execute...

[Sun Dec  7 00:54:30 2025]
checkpoint list_download:
    output: ../data/raw/PMIDs/ID_batches
    jobid: 3
    resources: tmpdir=/tmp
Downstream jobs will be updated after completion.


        mkdir -p ../data/raw/PMIDs
        bash 1-ID_list_downl.sh false
        
[Sun Dec  7 00:54:35 2025]
Finished job 3.
1 of 4 steps (25%) done
Updating job journal_formatting.
Select jobs to execute...

[Sun Dec  7 00:54:37 2025]
rule article_download:
    input: ../data/raw/PMIDs/ID_batches/batch_ec
    output: ../data/raw/Articles/individual/batch_ec.done
    jobid: 111
    wildcards: id=ec
    resources: tmpdir=/tmp


        mkdir -p ../data/raw/Articles/artbatches
        mkdir -p ../data/raw/Articles/individual
        bash 2-journal_downl.sh ../data/raw/PMIDs/ID_batches/batch_ec
        touch ../data/raw/Articles/individual/batch_ec.done
        

[Sun Dec  7 00:54:37 2025]
rule article_download:
    input: ../data/raw/PMIDs/ID_batches/batch_cx
    output: ../data/raw/Articles/individual/batch_cx.done
    jobid: 80
    wildcards: id=cx
    resources: tmpdir=/tmp


        mkdir -p ../data/raw/Articles/artbatches
        mkdir -p ../data/raw/Articles/individual
        bash 2-journal_downl.sh ../data/raw/PMIDs/ID_batches/batch_cx
        touch ../data/raw/Articles/individual/batch_cx.done
        

[Sun Dec  7 00:54:37 2025]
rule article_download:
    input: ../data/raw/PMIDs/ID_batches/batch_bu
    output: ../data/raw/Articles/individual/batch_bu.done
    jobid: 51
    wildcards: id=bu
    resources: tmpdir=/tmp


        mkdir -p ../data/raw/Articles/artbatches
        mkdir -p ../data/raw/Articles/individual
        bash 2-journal_downl.sh ../data/raw/PMIDs/ID_batches/batch_bu
        touch ../data/raw/Articles/individual/batch_bu.done
        
[Sun Dec  7 00:54:50 2025]
Finished job 111.
2 of 135 steps (1%) done
Select jobs to execute...

[Sun Dec  7 00:54:51 2025]
rule article_download:
    input: ../data/raw/PMIDs/ID_batches/batch_dt
    output: ../data/raw/Articles/individual/batch_dt.done
    jobid: 102
    wildcards: id=dt
    resources: tmpdir=/tmp


        mkdir -p ../data/raw/Articles/artbatches
        mkdir -p ../data/raw/Articles/individual
        bash 2-journal_downl.sh ../data/raw/PMIDs/ID_batches/batch_dt
        touch ../data/raw/Articles/individual/batch_dt.done
        
[Sun Dec  7 00:54:51 2025]
Finished job 80.
3 of 135 steps (2%) done
Select jobs to execute...

[Sun Dec  7 00:54:51 2025]
rule article_download:
    input: ../data/raw/PMIDs/ID_batches/batch_ad
    output: ../data/raw/Articles/individual/batch_ad.done
    jobid: 8
    wildcards: id=ad
    resources: tmpdir=/tmp


        mkdir -p ../data/raw/Articles/artbatches
        mkdir -p ../data/raw/Articles/individual
        bash 2-journal_downl.sh ../data/raw/PMIDs/ID_batches/batch_ad
        touch ../data/raw/Articles/individual/batch_ad.done
        
[Sun Dec  7 00:54:52 2025]
Finished job 51.
4 of 135 steps (3%) done
Select jobs to execute...

[Sun Dec  7 00:54:52 2025]
rule article_download:
    input: ../data/raw/PMIDs/ID_batches/batch_co
    output: ../data/raw/Articles/individual/batch_co.done
    jobid: 71
    wildcards: id=co
    resources: tmpdir=/tmp


        mkdir -p ../data/raw/Articles/artbatches
        mkdir -p ../data/raw/Articles/individual
        bash 2-journal_downl.sh ../data/raw/PMIDs/ID_batches/batch_co
        touch ../data/raw/Articles/individual/batch_co.done
        
[Sun Dec  7 00:55:00 2025]
Finished job 8.
5 of 135 steps (4%) done
Select jobs to execute...

[Sun Dec  7 00:55:00 2025]
rule article_download:
    input: ../data/raw/PMIDs/ID_batches/batch_ae
    output: ../data/raw/Articles/individual/batch_ae.done
    jobid: 9
    wildcards: id=ae
    resources: tmpdir=/tmp


        mkdir -p ../data/raw/Articles/artbatches
        mkdir -p ../data/raw/Articles/individual
        bash 2-journal_downl.sh ../data/raw/PMIDs/ID_batches/batch_ae
        touch ../data/raw/Articles/individual/batch_ae.done
        
[Sun Dec  7 00:55:01 2025]
Finished job 102.
6 of 135 steps (4%) done
Select jobs to execute...

[Sun Dec  7 00:55:01 2025]
rule article_download:
    input: ../data/raw/PMIDs/ID_batches/batch_bk
    output: ../data/raw/Articles/individual/batch_bk.done
    jobid: 41
    wildcards: id=bk
    resources: tmpdir=/tmp


        mkdir -p ../data/raw/Articles/artbatches
        mkdir -p ../data/raw/Articles/individual
        bash 2-journal_downl.sh ../data/raw/PMIDs/ID_batches/batch_bk
        touch ../data/raw/Articles/individual/batch_bk.done
        
[Sun Dec  7 00:55:02 2025]
Finished job 71.
7 of 135 steps (5%) done
Select jobs to execute...

[Sun Dec  7 00:55:02 2025]
rule article_download:
    input: ../data/raw/PMIDs/ID_batches/batch_du
    output: ../data/raw/Articles/individual/batch_du.done
    jobid: 103
    wildcards: id=du
    resources: tmpdir=/tmp


        mkdir -p ../data/raw/Articles/artbatches
        mkdir -p ../data/raw/Articles/individual
        bash 2-journal_downl.sh ../data/raw/PMIDs/ID_batches/batch_du
        touch ../data/raw/Articles/individual/batch_du.done
        
[Sun Dec  7 00:55:11 2025]
Finished job 103.
8 of 135 steps (6%) done
Select jobs to execute...

[Sun Dec  7 00:55:11 2025]
rule article_download:
    input: ../data/raw/PMIDs/ID_batches/batch_af
    output: ../data/raw/Articles/individual/batch_af.done
    jobid: 10
    wildcards: id=af
    resources: tmpdir=/tmp


        mkdir -p ../data/raw/Articles/artbatches
        mkdir -p ../data/raw/Articles/individual
        bash 2-journal_downl.sh ../data/raw/PMIDs/ID_batches/batch_af
        touch ../data/raw/Articles/individual/batch_af.done
        
[Sun Dec  7 00:55:12 2025]
Finished job 9.
9 of 135 steps (7%) done
Select jobs to execute...

[Sun Dec  7 00:55:12 2025]
rule article_download:
    input: ../data/raw/PMIDs/ID_batches/batch_cq
    output: ../data/raw/Articles/individual/batch_cq.done
    jobid: 73
    wildcards: id=cq
    resources: tmpdir=/tmp


        mkdir -p ../data/raw/Articles/artbatches
        mkdir -p ../data/raw/Articles/individual
        bash 2-journal_downl.sh ../data/raw/PMIDs/ID_batches/batch_cq
        touch ../data/raw/Articles/individual/batch_cq.done
        
[Sun Dec  7 00:55:12 2025]
Finished job 41.
10 of 135 steps (7%) done
Select jobs to execute...

[Sun Dec  7 00:55:12 2025]
rule article_download:
    input: ../data/raw/PMIDs/ID_batches/batch_dv
    output: ../data/raw/Articles/individual/batch_dv.done
    jobid: 104
    wildcards: id=dv
    resources: tmpdir=/tmp


        mkdir -p ../data/raw/Articles/artbatches
        mkdir -p ../data/raw/Articles/individual
        bash 2-journal_downl.sh ../data/raw/PMIDs/ID_batches/batch_dv
        touch ../data/raw/Articles/individual/batch_dv.done
        
[Sun Dec  7 00:55:25 2025]
Finished job 104.
11 of 135 steps (8%) done
Select jobs to execute...

[Sun Dec  7 00:55:25 2025]
rule article_download:
    input: ../data/raw/PMIDs/ID_batches/batch_ev
    output: ../data/raw/Articles/individual/batch_ev.done
    jobid: 130
    wildcards: id=ev
    resources: tmpdir=/tmp


        mkdir -p ../data/raw/Articles/artbatches
        mkdir -p ../data/raw/Articles/individual
        bash 2-journal_downl.sh ../data/raw/PMIDs/ID_batches/batch_ev
        touch ../data/raw/Articles/individual/batch_ev.done
        
[Sun Dec  7 00:55:26 2025]
Finished job 73.
12 of 135 steps (9%) done
Select jobs to execute...

[Sun Dec  7 00:55:26 2025]
rule article_download:
    input: ../data/raw/PMIDs/ID_batches/batch_bm
    output: ../data/raw/Articles/individual/batch_bm.done
    jobid: 43
    wildcards: id=bm
    resources: tmpdir=/tmp


        mkdir -p ../data/raw/Articles/artbatches
        mkdir -p ../data/raw/Articles/individual
        bash 2-journal_downl.sh ../data/raw/PMIDs/ID_batches/batch_bm
        touch ../data/raw/Articles/individual/batch_bm.done
        
[Sun Dec  7 00:55:26 2025]
Finished job 10.
13 of 135 steps (10%) done
Select jobs to execute...

[Sun Dec  7 00:55:26 2025]
rule article_download:
    input: ../data/raw/PMIDs/ID_batches/batch_dw
    output: ../data/raw/Articles/individual/batch_dw.done
    jobid: 105
    wildcards: id=dw
    resources: tmpdir=/tmp


        mkdir -p ../data/raw/Articles/artbatches
        mkdir -p ../data/raw/Articles/individual
        bash 2-journal_downl.sh ../data/raw/PMIDs/ID_batches/batch_dw
        touch ../data/raw/Articles/individual/batch_dw.done
        
[Sun Dec  7 00:55:34 2025]
Finished job 130.
14 of 135 steps (10%) done
Select jobs to execute...

[Sun Dec  7 00:55:34 2025]
rule article_download:
    input: ../data/raw/PMIDs/ID_batches/batch_ah
    output: ../data/raw/Articles/individual/batch_ah.done
    jobid: 12
    wildcards: id=ah
    resources: tmpdir=/tmp


        mkdir -p ../data/raw/Articles/artbatches
        mkdir -p ../data/raw/Articles/individual
        bash 2-journal_downl.sh ../data/raw/PMIDs/ID_batches/batch_ah
        touch ../data/raw/Articles/individual/batch_ah.done
        
[Sun Dec  7 00:55:36 2025]
Finished job 105.
15 of 135 steps (11%) done
Select jobs to execute...

[Sun Dec  7 00:55:36 2025]
rule article_download:
    input: ../data/raw/PMIDs/ID_batches/batch_cs
    output: ../data/raw/Articles/individual/batch_cs.done
    jobid: 75
    wildcards: id=cs
    resources: tmpdir=/tmp


        mkdir -p ../data/raw/Articles/artbatches
        mkdir -p ../data/raw/Articles/individual
        bash 2-journal_downl.sh ../data/raw/PMIDs/ID_batches/batch_cs
        touch ../data/raw/Articles/individual/batch_cs.done
        
[Sun Dec  7 00:55:37 2025]
Finished job 43.
16 of 135 steps (12%) done
Select jobs to execute...

[Sun Dec  7 00:55:37 2025]
rule article_download:
    input: ../data/raw/PMIDs/ID_batches/batch_ai
    output: ../data/raw/Articles/individual/batch_ai.done
    jobid: 13
    wildcards: id=ai
    resources: tmpdir=/tmp


        mkdir -p ../data/raw/Articles/artbatches
        mkdir -p ../data/raw/Articles/individual
        bash 2-journal_downl.sh ../data/raw/PMIDs/ID_batches/batch_ai
        touch ../data/raw/Articles/individual/batch_ai.done
        
[Sun Dec  7 00:55:43 2025]
Finished job 12.
17 of 135 steps (13%) done
Select jobs to execute...

[Sun Dec  7 00:55:43 2025]
rule article_download:
    input: ../data/raw/PMIDs/ID_batches/batch_ct
    output: ../data/raw/Articles/individual/batch_ct.done
    jobid: 76
    wildcards: id=ct
    resources: tmpdir=/tmp


        mkdir -p ../data/raw/Articles/artbatches
        mkdir -p ../data/raw/Articles/individual
        bash 2-journal_downl.sh ../data/raw/PMIDs/ID_batches/batch_ct
        touch ../data/raw/Articles/individual/batch_ct.done
        
[Sun Dec  7 00:55:45 2025]
Finished job 75.
18 of 135 steps (13%) done
Select jobs to execute...

[Sun Dec  7 00:55:45 2025]
rule article_download:
    input: ../data/raw/PMIDs/ID_batches/batch_dy
    output: ../data/raw/Articles/individual/batch_dy.done
    jobid: 107
    wildcards: id=dy
    resources: tmpdir=/tmp


        mkdir -p ../data/raw/Articles/artbatches
        mkdir -p ../data/raw/Articles/individual
        bash 2-journal_downl.sh ../data/raw/PMIDs/ID_batches/batch_dy
        touch ../data/raw/Articles/individual/batch_dy.done
        
[Sun Dec  7 00:55:47 2025]
Finished job 13.
19 of 135 steps (14%) done
Select jobs to execute...

[Sun Dec  7 00:55:47 2025]
rule article_download:
    input: ../data/raw/PMIDs/ID_batches/batch_bp
    output: ../data/raw/Articles/individual/batch_bp.done
    jobid: 46
    wildcards: id=bp
    resources: tmpdir=/tmp


        mkdir -p ../data/raw/Articles/artbatches
        mkdir -p ../data/raw/Articles/individual
        bash 2-journal_downl.sh ../data/raw/PMIDs/ID_batches/batch_bp
        touch ../data/raw/Articles/individual/batch_bp.done
        
[Sun Dec  7 00:55:56 2025]
Finished job 107.
20 of 135 steps (15%) done
Select jobs to execute...

[Sun Dec  7 00:55:56 2025]
rule article_download:
    input: ../data/raw/PMIDs/ID_batches/batch_dz
    output: ../data/raw/Articles/individual/batch_dz.done
    jobid: 108
    wildcards: id=dz
    resources: tmpdir=/tmp


        mkdir -p ../data/raw/Articles/artbatches
        mkdir -p ../data/raw/Articles/individual
        bash 2-journal_downl.sh ../data/raw/PMIDs/ID_batches/batch_dz
        touch ../data/raw/Articles/individual/batch_dz.done
        
[Sun Dec  7 00:55:56 2025]
Finished job 76.
21 of 135 steps (16%) done
Select jobs to execute...

[Sun Dec  7 00:55:56 2025]
rule article_download:
    input: ../data/raw/PMIDs/ID_batches/batch_bq
    output: ../data/raw/Articles/individual/batch_bq.done
    jobid: 47
    wildcards: id=bq
    resources: tmpdir=/tmp


        mkdir -p ../data/raw/Articles/artbatches
        mkdir -p ../data/raw/Articles/individual
        bash 2-journal_downl.sh ../data/raw/PMIDs/ID_batches/batch_bq
        touch ../data/raw/Articles/individual/batch_bq.done
        
[Sun Dec  7 00:56:00 2025]
Finished job 46.
22 of 135 steps (16%) done
Select jobs to execute...

[Sun Dec  7 00:56:00 2025]
rule article_download:
    input: ../data/raw/PMIDs/ID_batches/batch_cv
    output: ../data/raw/Articles/individual/batch_cv.done
    jobid: 78
    wildcards: id=cv
    resources: tmpdir=/tmp


        mkdir -p ../data/raw/Articles/artbatches
        mkdir -p ../data/raw/Articles/individual
        bash 2-journal_downl.sh ../data/raw/PMIDs/ID_batches/batch_cv
        touch ../data/raw/Articles/individual/batch_cv.done
        
[Sun Dec  7 00:56:05 2025]
Finished job 108.
23 of 135 steps (17%) done
Select jobs to execute...

[Sun Dec  7 00:56:05 2025]
rule article_download:
    input: ../data/raw/PMIDs/ID_batches/batch_al
    output: ../data/raw/Articles/individual/batch_al.done
    jobid: 16
    wildcards: id=al
    resources: tmpdir=/tmp


        mkdir -p ../data/raw/Articles/artbatches
        mkdir -p ../data/raw/Articles/individual
        bash 2-journal_downl.sh ../data/raw/PMIDs/ID_batches/batch_al
        touch ../data/raw/Articles/individual/batch_al.done
        
[Sun Dec  7 00:56:06 2025]
Finished job 47.
24 of 135 steps (18%) done
Select jobs to execute...

[Sun Dec  7 00:56:06 2025]
rule article_download:
    input: ../data/raw/PMIDs/ID_batches/batch_cw
    output: ../data/raw/Articles/individual/batch_cw.done
    jobid: 79
    wildcards: id=cw
    resources: tmpdir=/tmp


        mkdir -p ../data/raw/Articles/artbatches
        mkdir -p ../data/raw/Articles/individual
        bash 2-journal_downl.sh ../data/raw/PMIDs/ID_batches/batch_cw
        touch ../data/raw/Articles/individual/batch_cw.done
        
[Sun Dec  7 00:56:10 2025]
Finished job 78.
25 of 135 steps (19%) done
Select jobs to execute...

[Sun Dec  7 00:56:10 2025]
rule article_download:
    input: ../data/raw/PMIDs/ID_batches/batch_dr
    output: ../data/raw/Articles/individual/batch_dr.done
    jobid: 100
    wildcards: id=dr
    resources: tmpdir=/tmp


        mkdir -p ../data/raw/Articles/artbatches
        mkdir -p ../data/raw/Articles/individual
        bash 2-journal_downl.sh ../data/raw/PMIDs/ID_batches/batch_dr
        touch ../data/raw/Articles/individual/batch_dr.done
        
[Sun Dec  7 00:56:15 2025]
Finished job 16.
26 of 135 steps (19%) done
Select jobs to execute...

[Sun Dec  7 00:56:15 2025]
rule article_download:
    input: ../data/raw/PMIDs/ID_batches/batch_bh
    output: ../data/raw/Articles/individual/batch_bh.done
    jobid: 38
    wildcards: id=bh
    resources: tmpdir=/tmp


        mkdir -p ../data/raw/Articles/artbatches
        mkdir -p ../data/raw/Articles/individual
        bash 2-journal_downl.sh ../data/raw/PMIDs/ID_batches/batch_bh
        touch ../data/raw/Articles/individual/batch_bh.done
        
[Sun Dec  7 00:56:15 2025]
Finished job 79.
27 of 135 steps (20%) done
Select jobs to execute...

[Sun Dec  7 00:56:15 2025]
rule article_download:
    input: ../data/raw/PMIDs/ID_batches/batch_an
    output: ../data/raw/Articles/individual/batch_an.done
    jobid: 18
    wildcards: id=an
    resources: tmpdir=/tmp


        mkdir -p ../data/raw/Articles/artbatches
        mkdir -p ../data/raw/Articles/individual
        bash 2-journal_downl.sh ../data/raw/PMIDs/ID_batches/batch_an
        touch ../data/raw/Articles/individual/batch_an.done
        
[Sun Dec  7 00:56:21 2025]
Finished job 100.
28 of 135 steps (21%) done
Select jobs to execute...

[Sun Dec  7 00:56:21 2025]
rule article_download:
    input: ../data/raw/PMIDs/ID_batches/batch_cy
    output: ../data/raw/Articles/individual/batch_cy.done
    jobid: 81
    wildcards: id=cy
    resources: tmpdir=/tmp


        mkdir -p ../data/raw/Articles/artbatches
        mkdir -p ../data/raw/Articles/individual
        bash 2-journal_downl.sh ../data/raw/PMIDs/ID_batches/batch_cy
        touch ../data/raw/Articles/individual/batch_cy.done
        
[Sun Dec  7 00:56:23 2025]
Finished job 38.
29 of 135 steps (21%) done
Select jobs to execute...

[Sun Dec  7 00:56:23 2025]
rule article_download:
    input: ../data/raw/PMIDs/ID_batches/batch_ao
    output: ../data/raw/Articles/individual/batch_ao.done
    jobid: 19
    wildcards: id=ao
    resources: tmpdir=/tmp


        mkdir -p ../data/raw/Articles/artbatches
        mkdir -p ../data/raw/Articles/individual
        bash 2-journal_downl.sh ../data/raw/PMIDs/ID_batches/batch_ao
        touch ../data/raw/Articles/individual/batch_ao.done
        
[Sun Dec  7 00:56:25 2025]
Finished job 18.
30 of 135 steps (22%) done
Select jobs to execute...

[Sun Dec  7 00:56:25 2025]
rule article_download:
    input: ../data/raw/PMIDs/ID_batches/batch_cz
    output: ../data/raw/Articles/individual/batch_cz.done
    jobid: 82
    wildcards: id=cz
    resources: tmpdir=/tmp


        mkdir -p ../data/raw/Articles/artbatches
        mkdir -p ../data/raw/Articles/individual
        bash 2-journal_downl.sh ../data/raw/PMIDs/ID_batches/batch_cz
        touch ../data/raw/Articles/individual/batch_cz.done
        
[Sun Dec  7 00:56:33 2025]
Finished job 81.
31 of 135 steps (23%) done
Select jobs to execute...

[Sun Dec  7 00:56:33 2025]
rule article_download:
    input: ../data/raw/PMIDs/ID_batches/batch_ee
    output: ../data/raw/Articles/individual/batch_ee.done
    jobid: 113
    wildcards: id=ee
    resources: tmpdir=/tmp


        mkdir -p ../data/raw/Articles/artbatches
        mkdir -p ../data/raw/Articles/individual
        bash 2-journal_downl.sh ../data/raw/PMIDs/ID_batches/batch_ee
        touch ../data/raw/Articles/individual/batch_ee.done
        
[Sun Dec  7 00:56:36 2025]
Finished job 19.
32 of 135 steps (24%) done
Select jobs to execute...

[Sun Dec  7 00:56:36 2025]
rule article_download:
    input: ../data/raw/PMIDs/ID_batches/batch_ap
    output: ../data/raw/Articles/individual/batch_ap.done
    jobid: 20
    wildcards: id=ap
    resources: tmpdir=/tmp


        mkdir -p ../data/raw/Articles/artbatches
        mkdir -p ../data/raw/Articles/individual
        bash 2-journal_downl.sh ../data/raw/PMIDs/ID_batches/batch_ap
        touch ../data/raw/Articles/individual/batch_ap.done
        
[Sun Dec  7 00:56:37 2025]
Finished job 82.
33 of 135 steps (24%) done
Select jobs to execute...

[Sun Dec  7 00:56:37 2025]
rule article_download:
    input: ../data/raw/PMIDs/ID_batches/batch_bv
    output: ../data/raw/Articles/individual/batch_bv.done
    jobid: 52
    wildcards: id=bv
    resources: tmpdir=/tmp


        mkdir -p ../data/raw/Articles/artbatches
        mkdir -p ../data/raw/Articles/individual
        bash 2-journal_downl.sh ../data/raw/PMIDs/ID_batches/batch_bv
        touch ../data/raw/Articles/individual/batch_bv.done
        
[Sun Dec  7 00:56:43 2025]
Finished job 113.
34 of 135 steps (25%) done
Select jobs to execute...

[Sun Dec  7 00:56:43 2025]
rule article_download:
    input: ../data/raw/PMIDs/ID_batches/batch_ed
    output: ../data/raw/Articles/individual/batch_ed.done
    jobid: 112
    wildcards: id=ed
    resources: tmpdir=/tmp


        mkdir -p ../data/raw/Articles/artbatches
        mkdir -p ../data/raw/Articles/individual
        bash 2-journal_downl.sh ../data/raw/PMIDs/ID_batches/batch_ed
        touch ../data/raw/Articles/individual/batch_ed.done
        
[Sun Dec  7 00:56:46 2025]
Finished job 20.
35 of 135 steps (26%) done
Select jobs to execute...

[Sun Dec  7 00:56:46 2025]
rule article_download:
    input: ../data/raw/PMIDs/ID_batches/batch_da
    output: ../data/raw/Articles/individual/batch_da.done
    jobid: 83
    wildcards: id=da
    resources: tmpdir=/tmp


        mkdir -p ../data/raw/Articles/artbatches
        mkdir -p ../data/raw/Articles/individual
        bash 2-journal_downl.sh ../data/raw/PMIDs/ID_batches/batch_da
        touch ../data/raw/Articles/individual/batch_da.done
        
[Sun Dec  7 00:56:47 2025]
Finished job 52.
36 of 135 steps (27%) done
Select jobs to execute...

[Sun Dec  7 00:56:47 2025]
rule article_download:
    input: ../data/raw/PMIDs/ID_batches/batch_ef
    output: ../data/raw/Articles/individual/batch_ef.done
    jobid: 114
    wildcards: id=ef
    resources: tmpdir=/tmp


        mkdir -p ../data/raw/Articles/artbatches
        mkdir -p ../data/raw/Articles/individual
        bash 2-journal_downl.sh ../data/raw/PMIDs/ID_batches/batch_ef
        touch ../data/raw/Articles/individual/batch_ef.done
        
[Sun Dec  7 00:56:52 2025]
Finished job 112.
37 of 135 steps (27%) done
Select jobs to execute...

[Sun Dec  7 00:56:52 2025]
rule article_download:
    input: ../data/raw/PMIDs/ID_batches/batch_aq
    output: ../data/raw/Articles/individual/batch_aq.done
    jobid: 21
    wildcards: id=aq
    resources: tmpdir=/tmp


        mkdir -p ../data/raw/Articles/artbatches
        mkdir -p ../data/raw/Articles/individual
        bash 2-journal_downl.sh ../data/raw/PMIDs/ID_batches/batch_aq
        touch ../data/raw/Articles/individual/batch_aq.done
        
[Sun Dec  7 00:56:54 2025]
Finished job 83.
38 of 135 steps (28%) done
Select jobs to execute...

[Sun Dec  7 00:56:54 2025]
rule article_download:
    input: ../data/raw/PMIDs/ID_batches/batch_bt
    output: ../data/raw/Articles/individual/batch_bt.done
    jobid: 50
    wildcards: id=bt
    resources: tmpdir=/tmp


        mkdir -p ../data/raw/Articles/artbatches
        mkdir -p ../data/raw/Articles/individual
        bash 2-journal_downl.sh ../data/raw/PMIDs/ID_batches/batch_bt
        touch ../data/raw/Articles/individual/batch_bt.done
        
[Sun Dec  7 00:56:55 2025]
Finished job 114.
39 of 135 steps (29%) done
Select jobs to execute...

[Sun Dec  7 00:56:56 2025]
rule article_download:
    input: ../data/raw/PMIDs/ID_batches/batch_db
    output: ../data/raw/Articles/individual/batch_db.done
    jobid: 84
    wildcards: id=db
    resources: tmpdir=/tmp


        mkdir -p ../data/raw/Articles/artbatches
        mkdir -p ../data/raw/Articles/individual
        bash 2-journal_downl.sh ../data/raw/PMIDs/ID_batches/batch_db
        touch ../data/raw/Articles/individual/batch_db.done
        
[Sun Dec  7 00:57:02 2025]
Finished job 21.
40 of 135 steps (30%) done
Select jobs to execute...

[Sun Dec  7 00:57:02 2025]
rule article_download:
    input: ../data/raw/PMIDs/ID_batches/batch_bw
    output: ../data/raw/Articles/individual/batch_bw.done
    jobid: 53
    wildcards: id=bw
    resources: tmpdir=/tmp


        mkdir -p ../data/raw/Articles/artbatches
        mkdir -p ../data/raw/Articles/individual
        bash 2-journal_downl.sh ../data/raw/PMIDs/ID_batches/batch_bw
        touch ../data/raw/Articles/individual/batch_bw.done
        
[Sun Dec  7 00:57:06 2025]
Finished job 50.
41 of 135 steps (30%) done
Select jobs to execute...

[Sun Dec  7 00:57:06 2025]
rule article_download:
    input: ../data/raw/PMIDs/ID_batches/batch_eg
    output: ../data/raw/Articles/individual/batch_eg.done
    jobid: 115
    wildcards: id=eg
    resources: tmpdir=/tmp


        mkdir -p ../data/raw/Articles/artbatches
        mkdir -p ../data/raw/Articles/individual
        bash 2-journal_downl.sh ../data/raw/PMIDs/ID_batches/batch_eg
        touch ../data/raw/Articles/individual/batch_eg.done
        
[Sun Dec  7 00:57:08 2025]
Finished job 84.
42 of 135 steps (31%) done
Select jobs to execute...

[Sun Dec  7 00:57:08 2025]
rule article_download:
    input: ../data/raw/PMIDs/ID_batches/batch_ab
    output: ../data/raw/Articles/individual/batch_ab.done
    jobid: 6
    wildcards: id=ab
    resources: tmpdir=/tmp


        mkdir -p ../data/raw/Articles/artbatches
        mkdir -p ../data/raw/Articles/individual
        bash 2-journal_downl.sh ../data/raw/PMIDs/ID_batches/batch_ab
        touch ../data/raw/Articles/individual/batch_ab.done
        
[Sun Dec  7 00:57:15 2025]
Finished job 115.
43 of 135 steps (32%) done
Select jobs to execute...

[Sun Dec  7 00:57:15 2025]
rule article_download:
    input: ../data/raw/PMIDs/ID_batches/batch_ds
    output: ../data/raw/Articles/individual/batch_ds.done
    jobid: 101
    wildcards: id=ds
    resources: tmpdir=/tmp


        mkdir -p ../data/raw/Articles/artbatches
        mkdir -p ../data/raw/Articles/individual
        bash 2-journal_downl.sh ../data/raw/PMIDs/ID_batches/batch_ds
        touch ../data/raw/Articles/individual/batch_ds.done
        
[Sun Dec  7 00:57:16 2025]
Finished job 53.
44 of 135 steps (33%) done
Select jobs to execute...

[Sun Dec  7 00:57:16 2025]
rule article_download:
    input: ../data/raw/PMIDs/ID_batches/batch_ew
    output: ../data/raw/Articles/individual/batch_ew.done
    jobid: 131
    wildcards: id=ew
    resources: tmpdir=/tmp


        mkdir -p ../data/raw/Articles/artbatches
        mkdir -p ../data/raw/Articles/individual
        bash 2-journal_downl.sh ../data/raw/PMIDs/ID_batches/batch_ew
        touch ../data/raw/Articles/individual/batch_ew.done
        
[Sun Dec  7 00:57:17 2025]
Finished job 6.
45 of 135 steps (33%) done
Select jobs to execute...

[Sun Dec  7 00:57:17 2025]
rule article_download:
    input: ../data/raw/PMIDs/ID_batches/batch_cm
    output: ../data/raw/Articles/individual/batch_cm.done
    jobid: 69
    wildcards: id=cm
    resources: tmpdir=/tmp


        mkdir -p ../data/raw/Articles/artbatches
        mkdir -p ../data/raw/Articles/individual
        bash 2-journal_downl.sh ../data/raw/PMIDs/ID_batches/batch_cm
        touch ../data/raw/Articles/individual/batch_cm.done
        
[Sun Dec  7 00:57:24 2025]
Finished job 131.
46 of 135 steps (34%) done
Select jobs to execute...

[Sun Dec  7 00:57:25 2025]
rule article_download:
    input: ../data/raw/PMIDs/ID_batches/batch_bx
    output: ../data/raw/Articles/individual/batch_bx.done
    jobid: 54
    wildcards: id=bx
    resources: tmpdir=/tmp


        mkdir -p ../data/raw/Articles/artbatches
        mkdir -p ../data/raw/Articles/individual
        bash 2-journal_downl.sh ../data/raw/PMIDs/ID_batches/batch_bx
        touch ../data/raw/Articles/individual/batch_bx.done
        
[Sun Dec  7 00:57:25 2025]
Finished job 101.
47 of 135 steps (35%) done
Select jobs to execute...

[Sun Dec  7 00:57:25 2025]
rule article_download:
    input: ../data/raw/PMIDs/ID_batches/batch_as
    output: ../data/raw/Articles/individual/batch_as.done
    jobid: 23
    wildcards: id=as
    resources: tmpdir=/tmp


        mkdir -p ../data/raw/Articles/artbatches
        mkdir -p ../data/raw/Articles/individual
        bash 2-journal_downl.sh ../data/raw/PMIDs/ID_batches/batch_as
        touch ../data/raw/Articles/individual/batch_as.done
        
[Sun Dec  7 00:57:27 2025]
Finished job 69.
48 of 135 steps (36%) done
Select jobs to execute...

[Sun Dec  7 00:57:27 2025]
rule article_download:
    input: ../data/raw/PMIDs/ID_batches/batch_by
    output: ../data/raw/Articles/individual/batch_by.done
    jobid: 55
    wildcards: id=by
    resources: tmpdir=/tmp


        mkdir -p ../data/raw/Articles/artbatches
        mkdir -p ../data/raw/Articles/individual
        bash 2-journal_downl.sh ../data/raw/PMIDs/ID_batches/batch_by
        touch ../data/raw/Articles/individual/batch_by.done
        
[Sun Dec  7 00:57:35 2025]
Finished job 23.
49 of 135 steps (36%) done
Select jobs to execute...

[Sun Dec  7 00:57:35 2025]
rule article_download:
    input: ../data/raw/PMIDs/ID_batches/batch_dd
    output: ../data/raw/Articles/individual/batch_dd.done
    jobid: 86
    wildcards: id=dd
    resources: tmpdir=/tmp


        mkdir -p ../data/raw/Articles/artbatches
        mkdir -p ../data/raw/Articles/individual
        bash 2-journal_downl.sh ../data/raw/PMIDs/ID_batches/batch_dd
        touch ../data/raw/Articles/individual/batch_dd.done
        
[Sun Dec  7 00:57:35 2025]
Finished job 54.
50 of 135 steps (37%) done
Select jobs to execute...

[Sun Dec  7 00:57:35 2025]
rule article_download:
    input: ../data/raw/PMIDs/ID_batches/batch_dc
    output: ../data/raw/Articles/individual/batch_dc.done
    jobid: 85
    wildcards: id=dc
    resources: tmpdir=/tmp


        mkdir -p ../data/raw/Articles/artbatches
        mkdir -p ../data/raw/Articles/individual
        bash 2-journal_downl.sh ../data/raw/PMIDs/ID_batches/batch_dc
        touch ../data/raw/Articles/individual/batch_dc.done
        
[Sun Dec  7 00:57:37 2025]
Finished job 55.
51 of 135 steps (38%) done
Select jobs to execute...

[Sun Dec  7 00:57:37 2025]
rule article_download:
    input: ../data/raw/PMIDs/ID_batches/batch_ei
    output: ../data/raw/Articles/individual/batch_ei.done
    jobid: 117
    wildcards: id=ei
    resources: tmpdir=/tmp


        mkdir -p ../data/raw/Articles/artbatches
        mkdir -p ../data/raw/Articles/individual
        bash 2-journal_downl.sh ../data/raw/PMIDs/ID_batches/batch_ei
        touch ../data/raw/Articles/individual/batch_ei.done
        
[Sun Dec  7 00:57:48 2025]
Finished job 86.
52 of 135 steps (39%) done
Select jobs to execute...

[Sun Dec  7 00:57:48 2025]
rule article_download:
    input: ../data/raw/PMIDs/ID_batches/batch_at
    output: ../data/raw/Articles/individual/batch_at.done
    jobid: 24
    wildcards: id=at
    resources: tmpdir=/tmp


        mkdir -p ../data/raw/Articles/artbatches
        mkdir -p ../data/raw/Articles/individual
        bash 2-journal_downl.sh ../data/raw/PMIDs/ID_batches/batch_at
        touch ../data/raw/Articles/individual/batch_at.done
        
[Sun Dec  7 00:57:48 2025]
Finished job 85.
53 of 135 steps (39%) done
Select jobs to execute...

[Sun Dec  7 00:57:48 2025]
rule article_download:
    input: ../data/raw/PMIDs/ID_batches/batch_bz
    output: ../data/raw/Articles/individual/batch_bz.done
    jobid: 56
    wildcards: id=bz
    resources: tmpdir=/tmp


        mkdir -p ../data/raw/Articles/artbatches
        mkdir -p ../data/raw/Articles/individual
        bash 2-journal_downl.sh ../data/raw/PMIDs/ID_batches/batch_bz
        touch ../data/raw/Articles/individual/batch_bz.done
        
[Sun Dec  7 00:57:49 2025]
Finished job 117.
54 of 135 steps (40%) done
Select jobs to execute...

[Sun Dec  7 00:57:49 2025]
rule article_download:
    input: ../data/raw/PMIDs/ID_batches/batch_ey
    output: ../data/raw/Articles/individual/batch_ey.done
    jobid: 133
    wildcards: id=ey
    resources: tmpdir=/tmp


        mkdir -p ../data/raw/Articles/artbatches
        mkdir -p ../data/raw/Articles/individual
        bash 2-journal_downl.sh ../data/raw/PMIDs/ID_batches/batch_ey
        touch ../data/raw/Articles/individual/batch_ey.done
        
[Sun Dec  7 00:57:57 2025]
Finished job 133.
55 of 135 steps (41%) done
Select jobs to execute...

[Sun Dec  7 00:57:57 2025]
rule article_download:
    input: ../data/raw/PMIDs/ID_batches/batch_br
    output: ../data/raw/Articles/individual/batch_br.done
    jobid: 48
    wildcards: id=br
    resources: tmpdir=/tmp


        mkdir -p ../data/raw/Articles/artbatches
        mkdir -p ../data/raw/Articles/individual
        bash 2-journal_downl.sh ../data/raw/PMIDs/ID_batches/batch_br
        touch ../data/raw/Articles/individual/batch_br.done
        
[Sun Dec  7 00:58:01 2025]
Finished job 24.
56 of 135 steps (41%) done
Select jobs to execute...

[Sun Dec  7 00:58:01 2025]
rule article_download:
    input: ../data/raw/PMIDs/ID_batches/batch_eb
    output: ../data/raw/Articles/individual/batch_eb.done
    jobid: 110
    wildcards: id=eb
    resources: tmpdir=/tmp


        mkdir -p ../data/raw/Articles/artbatches
        mkdir -p ../data/raw/Articles/individual
        bash 2-journal_downl.sh ../data/raw/PMIDs/ID_batches/batch_eb
        touch ../data/raw/Articles/individual/batch_eb.done
        
[Sun Dec  7 00:58:01 2025]
Finished job 56.
57 of 135 steps (42%) done
Select jobs to execute...

[Sun Dec  7 00:58:01 2025]
rule article_download:
    input: ../data/raw/PMIDs/ID_batches/batch_de
    output: ../data/raw/Articles/individual/batch_de.done
    jobid: 87
    wildcards: id=de
    resources: tmpdir=/tmp


        mkdir -p ../data/raw/Articles/artbatches
        mkdir -p ../data/raw/Articles/individual
        bash 2-journal_downl.sh ../data/raw/PMIDs/ID_batches/batch_de
        touch ../data/raw/Articles/individual/batch_de.done
        
[Sun Dec  7 00:58:08 2025]
Finished job 48.
58 of 135 steps (43%) done
Select jobs to execute...

[Sun Dec  7 00:58:08 2025]
rule article_download:
    input: ../data/raw/PMIDs/ID_batches/batch_bj
    output: ../data/raw/Articles/individual/batch_bj.done
    jobid: 40
    wildcards: id=bj
    resources: tmpdir=/tmp


        mkdir -p ../data/raw/Articles/artbatches
        mkdir -p ../data/raw/Articles/individual
        bash 2-journal_downl.sh ../data/raw/PMIDs/ID_batches/batch_bj
        touch ../data/raw/Articles/individual/batch_bj.done
        
[Sun Dec  7 00:58:09 2025]
Finished job 110.
59 of 135 steps (44%) done
Select jobs to execute...

[Sun Dec  7 00:58:09 2025]
rule article_download:
    input: ../data/raw/PMIDs/ID_batches/batch_ej
    output: ../data/raw/Articles/individual/batch_ej.done
    jobid: 118
    wildcards: id=ej
    resources: tmpdir=/tmp


        mkdir -p ../data/raw/Articles/artbatches
        mkdir -p ../data/raw/Articles/individual
        bash 2-journal_downl.sh ../data/raw/PMIDs/ID_batches/batch_ej
        touch ../data/raw/Articles/individual/batch_ej.done
        
[Sun Dec  7 00:58:10 2025]
Finished job 87.
60 of 135 steps (44%) done
Select jobs to execute...

[Sun Dec  7 00:58:10 2025]
rule article_download:
    input: ../data/raw/PMIDs/ID_batches/batch_bb
    output: ../data/raw/Articles/individual/batch_bb.done
    jobid: 32
    wildcards: id=bb
    resources: tmpdir=/tmp


        mkdir -p ../data/raw/Articles/artbatches
        mkdir -p ../data/raw/Articles/individual
        bash 2-journal_downl.sh ../data/raw/PMIDs/ID_batches/batch_bb
        touch ../data/raw/Articles/individual/batch_bb.done
        
[Sun Dec  7 00:58:20 2025]
Finished job 118.
61 of 135 steps (45%) done
Select jobs to execute...

[Sun Dec  7 00:58:20 2025]
rule article_download:
    input: ../data/raw/PMIDs/ID_batches/batch_ch
    output: ../data/raw/Articles/individual/batch_ch.done
    jobid: 64
    wildcards: id=ch
    resources: tmpdir=/tmp


        mkdir -p ../data/raw/Articles/artbatches
        mkdir -p ../data/raw/Articles/individual
        bash 2-journal_downl.sh ../data/raw/PMIDs/ID_batches/batch_ch
        touch ../data/raw/Articles/individual/batch_ch.done
        
[Sun Dec  7 00:58:22 2025]
Finished job 40.
62 of 135 steps (46%) done
Select jobs to execute...

[Sun Dec  7 00:58:22 2025]
rule article_download:
    input: ../data/raw/PMIDs/ID_batches/batch_eq
    output: ../data/raw/Articles/individual/batch_eq.done
    jobid: 125
    wildcards: id=eq
    resources: tmpdir=/tmp


        mkdir -p ../data/raw/Articles/artbatches
        mkdir -p ../data/raw/Articles/individual
        bash 2-journal_downl.sh ../data/raw/PMIDs/ID_batches/batch_eq
        touch ../data/raw/Articles/individual/batch_eq.done
        
[Sun Dec  7 00:58:22 2025]
Finished job 32.
63 of 135 steps (47%) done
Select jobs to execute...

[Sun Dec  7 00:58:22 2025]
rule article_download:
    input: ../data/raw/PMIDs/ID_batches/batch_dm
    output: ../data/raw/Articles/individual/batch_dm.done
    jobid: 95
    wildcards: id=dm
    resources: tmpdir=/tmp


        mkdir -p ../data/raw/Articles/artbatches
        mkdir -p ../data/raw/Articles/individual
        bash 2-journal_downl.sh ../data/raw/PMIDs/ID_batches/batch_dm
        touch ../data/raw/Articles/individual/batch_dm.done
        
[Sun Dec  7 00:58:29 2025]
Finished job 125.
64 of 135 steps (47%) done
Select jobs to execute...

[Sun Dec  7 00:58:29 2025]
rule article_download:
    input: ../data/raw/PMIDs/ID_batches/batch_av
    output: ../data/raw/Articles/individual/batch_av.done
    jobid: 26
    wildcards: id=av
    resources: tmpdir=/tmp


        mkdir -p ../data/raw/Articles/artbatches
        mkdir -p ../data/raw/Articles/individual
        bash 2-journal_downl.sh ../data/raw/PMIDs/ID_batches/batch_av
        touch ../data/raw/Articles/individual/batch_av.done
        
[Sun Dec  7 00:58:31 2025]
Finished job 95.
65 of 135 steps (48%) done
Select jobs to execute...

[Sun Dec  7 00:58:31 2025]
rule article_download:
    input: ../data/raw/PMIDs/ID_batches/batch_cb
    output: ../data/raw/Articles/individual/batch_cb.done
    jobid: 58
    wildcards: id=cb
    resources: tmpdir=/tmp


        mkdir -p ../data/raw/Articles/artbatches
        mkdir -p ../data/raw/Articles/individual
        bash 2-journal_downl.sh ../data/raw/PMIDs/ID_batches/batch_cb
        touch ../data/raw/Articles/individual/batch_cb.done
        
[Sun Dec  7 00:58:31 2025]
Finished job 64.
66 of 135 steps (49%) done
Select jobs to execute...

[Sun Dec  7 00:58:31 2025]
rule article_download:
    input: ../data/raw/PMIDs/ID_batches/batch_fa
    output: ../data/raw/Articles/individual/batch_fa.done
    jobid: 135
    wildcards: id=fa
    resources: tmpdir=/tmp


        mkdir -p ../data/raw/Articles/artbatches
        mkdir -p ../data/raw/Articles/individual
        bash 2-journal_downl.sh ../data/raw/PMIDs/ID_batches/batch_fa
        touch ../data/raw/Articles/individual/batch_fa.done
        
[Sun Dec  7 00:58:33 2025]
Finished job 135.
67 of 135 steps (50%) done
Select jobs to execute...

[Sun Dec  7 00:58:33 2025]
rule article_download:
    input: ../data/raw/PMIDs/ID_batches/batch_dg
    output: ../data/raw/Articles/individual/batch_dg.done
    jobid: 89
    wildcards: id=dg
    resources: tmpdir=/tmp


        mkdir -p ../data/raw/Articles/artbatches
        mkdir -p ../data/raw/Articles/individual
        bash 2-journal_downl.sh ../data/raw/PMIDs/ID_batches/batch_dg
        touch ../data/raw/Articles/individual/batch_dg.done
        
[Sun Dec  7 00:58:39 2025]
Finished job 26.
68 of 135 steps (50%) done
Select jobs to execute...

[Sun Dec  7 00:58:39 2025]
rule article_download:
    input: ../data/raw/PMIDs/ID_batches/batch_bl
    output: ../data/raw/Articles/individual/batch_bl.done
    jobid: 42
    wildcards: id=bl
    resources: tmpdir=/tmp


        mkdir -p ../data/raw/Articles/artbatches
        mkdir -p ../data/raw/Articles/individual
        bash 2-journal_downl.sh ../data/raw/PMIDs/ID_batches/batch_bl
        touch ../data/raw/Articles/individual/batch_bl.done
        
[Sun Dec  7 00:58:41 2025]
Finished job 58.
69 of 135 steps (51%) done
Select jobs to execute...

[Sun Dec  7 00:58:41 2025]
rule article_download:
    input: ../data/raw/PMIDs/ID_batches/batch_el
    output: ../data/raw/Articles/individual/batch_el.done
    jobid: 120
    wildcards: id=el
    resources: tmpdir=/tmp


        mkdir -p ../data/raw/Articles/artbatches
        mkdir -p ../data/raw/Articles/individual
        bash 2-journal_downl.sh ../data/raw/PMIDs/ID_batches/batch_el
        touch ../data/raw/Articles/individual/batch_el.done
        
[Sun Dec  7 00:58:42 2025]
Finished job 89.
70 of 135 steps (52%) done
Select jobs to execute...

[Sun Dec  7 00:58:42 2025]
rule article_download:
    input: ../data/raw/PMIDs/ID_batches/batch_ci
    output: ../data/raw/Articles/individual/batch_ci.done
    jobid: 65
    wildcards: id=ci
    resources: tmpdir=/tmp


        mkdir -p ../data/raw/Articles/artbatches
        mkdir -p ../data/raw/Articles/individual
        bash 2-journal_downl.sh ../data/raw/PMIDs/ID_batches/batch_ci
        touch ../data/raw/Articles/individual/batch_ci.done
        
[Sun Dec  7 00:58:52 2025]
Finished job 120.
71 of 135 steps (53%) done
Select jobs to execute...

[Sun Dec  7 00:58:52 2025]
rule article_download:
    input: ../data/raw/PMIDs/ID_batches/batch_dn
    output: ../data/raw/Articles/individual/batch_dn.done
    jobid: 96
    wildcards: id=dn
    resources: tmpdir=/tmp


        mkdir -p ../data/raw/Articles/artbatches
        mkdir -p ../data/raw/Articles/individual
        bash 2-journal_downl.sh ../data/raw/PMIDs/ID_batches/batch_dn
        touch ../data/raw/Articles/individual/batch_dn.done
        
[Sun Dec  7 00:58:53 2025]
Finished job 42.
72 of 135 steps (53%) done
Select jobs to execute...

[Sun Dec  7 00:58:53 2025]
rule article_download:
    input: ../data/raw/PMIDs/ID_batches/batch_bc
    output: ../data/raw/Articles/individual/batch_bc.done
    jobid: 33
    wildcards: id=bc
    resources: tmpdir=/tmp


        mkdir -p ../data/raw/Articles/artbatches
        mkdir -p ../data/raw/Articles/individual
        bash 2-journal_downl.sh ../data/raw/PMIDs/ID_batches/batch_bc
        touch ../data/raw/Articles/individual/batch_bc.done
        
[Sun Dec  7 00:58:55 2025]
Finished job 65.
73 of 135 steps (54%) done
Select jobs to execute...

[Sun Dec  7 00:58:55 2025]
rule article_download:
    input: ../data/raw/PMIDs/ID_batches/batch_es
    output: ../data/raw/Articles/individual/batch_es.done
    jobid: 127
    wildcards: id=es
    resources: tmpdir=/tmp


        mkdir -p ../data/raw/Articles/artbatches
        mkdir -p ../data/raw/Articles/individual
        bash 2-journal_downl.sh ../data/raw/PMIDs/ID_batches/batch_es
        touch ../data/raw/Articles/individual/batch_es.done
        
[Sun Dec  7 00:59:00 2025]
Finished job 96.
74 of 135 steps (55%) done
Select jobs to execute...

[Sun Dec  7 00:59:00 2025]
rule article_download:
    input: ../data/raw/PMIDs/ID_batches/batch_ek
    output: ../data/raw/Articles/individual/batch_ek.done
    jobid: 119
    wildcards: id=ek
    resources: tmpdir=/tmp


        mkdir -p ../data/raw/Articles/artbatches
        mkdir -p ../data/raw/Articles/individual
        bash 2-journal_downl.sh ../data/raw/PMIDs/ID_batches/batch_ek
        touch ../data/raw/Articles/individual/batch_ek.done
        
[Sun Dec  7 00:59:01 2025]
Finished job 127.
75 of 135 steps (56%) done
Select jobs to execute...

[Sun Dec  7 00:59:01 2025]
rule article_download:
    input: ../data/raw/PMIDs/ID_batches/batch_bd
    output: ../data/raw/Articles/individual/batch_bd.done
    jobid: 34
    wildcards: id=bd
    resources: tmpdir=/tmp


        mkdir -p ../data/raw/Articles/artbatches
        mkdir -p ../data/raw/Articles/individual
        bash 2-journal_downl.sh ../data/raw/PMIDs/ID_batches/batch_bd
        touch ../data/raw/Articles/individual/batch_bd.done
        
[Sun Dec  7 00:59:03 2025]
Finished job 33.
76 of 135 steps (56%) done
Select jobs to execute...

[Sun Dec  7 00:59:03 2025]
rule article_download:
    input: ../data/raw/PMIDs/ID_batches/batch_df
    output: ../data/raw/Articles/individual/batch_df.done
    jobid: 88
    wildcards: id=df
    resources: tmpdir=/tmp


        mkdir -p ../data/raw/Articles/artbatches
        mkdir -p ../data/raw/Articles/individual
        bash 2-journal_downl.sh ../data/raw/PMIDs/ID_batches/batch_df
        touch ../data/raw/Articles/individual/batch_df.done
        
[Sun Dec  7 00:59:08 2025]
Finished job 119.
77 of 135 steps (57%) done
Select jobs to execute...

[Sun Dec  7 00:59:08 2025]
rule article_download:
    input: ../data/raw/PMIDs/ID_batches/batch_cj
    output: ../data/raw/Articles/individual/batch_cj.done
    jobid: 66
    wildcards: id=cj
    resources: tmpdir=/tmp


        mkdir -p ../data/raw/Articles/artbatches
        mkdir -p ../data/raw/Articles/individual
        bash 2-journal_downl.sh ../data/raw/PMIDs/ID_batches/batch_cj
        touch ../data/raw/Articles/individual/batch_cj.done
        
[Sun Dec  7 00:59:11 2025]
Finished job 34.
78 of 135 steps (58%) done
Select jobs to execute...

[Sun Dec  7 00:59:11 2025]
rule article_download:
    input: ../data/raw/PMIDs/ID_batches/batch_ca
    output: ../data/raw/Articles/individual/batch_ca.done
    jobid: 57
    wildcards: id=ca
    resources: tmpdir=/tmp


        mkdir -p ../data/raw/Articles/artbatches
        mkdir -p ../data/raw/Articles/individual
        bash 2-journal_downl.sh ../data/raw/PMIDs/ID_batches/batch_ca
        touch ../data/raw/Articles/individual/batch_ca.done
        
[Sun Dec  7 00:59:12 2025]
Finished job 88.
79 of 135 steps (59%) done
Select jobs to execute...

[Sun Dec  7 00:59:12 2025]
rule article_download:
    input: ../data/raw/PMIDs/ID_batches/batch_do
    output: ../data/raw/Articles/individual/batch_do.done
    jobid: 97
    wildcards: id=do
    resources: tmpdir=/tmp


        mkdir -p ../data/raw/Articles/artbatches
        mkdir -p ../data/raw/Articles/individual
        bash 2-journal_downl.sh ../data/raw/PMIDs/ID_batches/batch_do
        touch ../data/raw/Articles/individual/batch_do.done
        
[Sun Dec  7 00:59:19 2025]
Finished job 66.
80 of 135 steps (59%) done
Select jobs to execute...

[Sun Dec  7 00:59:19 2025]
rule article_download:
    input: ../data/raw/PMIDs/ID_batches/batch_au
    output: ../data/raw/Articles/individual/batch_au.done
    jobid: 25
    wildcards: id=au
    resources: tmpdir=/tmp


        mkdir -p ../data/raw/Articles/artbatches
        mkdir -p ../data/raw/Articles/individual
        bash 2-journal_downl.sh ../data/raw/PMIDs/ID_batches/batch_au
        touch ../data/raw/Articles/individual/batch_au.done
        
[Sun Dec  7 00:59:21 2025]
Finished job 97.
81 of 135 steps (60%) done
Select jobs to execute...

[Sun Dec  7 00:59:21 2025]
rule article_download:
    input: ../data/raw/PMIDs/ID_batches/batch_et
    output: ../data/raw/Articles/individual/batch_et.done
    jobid: 128
    wildcards: id=et
    resources: tmpdir=/tmp


        mkdir -p ../data/raw/Articles/artbatches
        mkdir -p ../data/raw/Articles/individual
        bash 2-journal_downl.sh ../data/raw/PMIDs/ID_batches/batch_et
        touch ../data/raw/Articles/individual/batch_et.done
        
[Sun Dec  7 00:59:22 2025]
Finished job 57.
82 of 135 steps (61%) done
Select jobs to execute...

[Sun Dec  7 00:59:22 2025]
rule article_download:
    input: ../data/raw/PMIDs/ID_batches/batch_bo
    output: ../data/raw/Articles/individual/batch_bo.done
    jobid: 45
    wildcards: id=bo
    resources: tmpdir=/tmp


        mkdir -p ../data/raw/Articles/artbatches
        mkdir -p ../data/raw/Articles/individual
        bash 2-journal_downl.sh ../data/raw/PMIDs/ID_batches/batch_bo
        touch ../data/raw/Articles/individual/batch_bo.done
        
[Sun Dec  7 00:59:31 2025]
Finished job 128.
83 of 135 steps (61%) done
Select jobs to execute...

[Sun Dec  7 00:59:31 2025]
rule article_download:
    input: ../data/raw/PMIDs/ID_batches/batch_ay
    output: ../data/raw/Articles/individual/batch_ay.done
    jobid: 29
    wildcards: id=ay
    resources: tmpdir=/tmp


        mkdir -p ../data/raw/Articles/artbatches
        mkdir -p ../data/raw/Articles/individual
        bash 2-journal_downl.sh ../data/raw/PMIDs/ID_batches/batch_ay
        touch ../data/raw/Articles/individual/batch_ay.done
        
[Sun Dec  7 00:59:32 2025]
Finished job 25.
84 of 135 steps (62%) done
Select jobs to execute...

[Sun Dec  7 00:59:32 2025]
rule article_download:
    input: ../data/raw/PMIDs/ID_batches/batch_cr
    output: ../data/raw/Articles/individual/batch_cr.done
    jobid: 74
    wildcards: id=cr
    resources: tmpdir=/tmp


        mkdir -p ../data/raw/Articles/artbatches
        mkdir -p ../data/raw/Articles/individual
        bash 2-journal_downl.sh ../data/raw/PMIDs/ID_batches/batch_cr
        touch ../data/raw/Articles/individual/batch_cr.done
        
[Sun Dec  7 00:59:34 2025]
Finished job 45.
85 of 135 steps (63%) done
Select jobs to execute...

[Sun Dec  7 00:59:34 2025]
rule article_download:
    input: ../data/raw/PMIDs/ID_batches/batch_aw
    output: ../data/raw/Articles/individual/batch_aw.done
    jobid: 27
    wildcards: id=aw
    resources: tmpdir=/tmp


        mkdir -p ../data/raw/Articles/artbatches
        mkdir -p ../data/raw/Articles/individual
        bash 2-journal_downl.sh ../data/raw/PMIDs/ID_batches/batch_aw
        touch ../data/raw/Articles/individual/batch_aw.done
        
[Sun Dec  7 00:59:41 2025]
Finished job 29.
86 of 135 steps (64%) done
Select jobs to execute...

[Sun Dec  7 00:59:41 2025]
rule article_download:
    input: ../data/raw/PMIDs/ID_batches/batch_ag
    output: ../data/raw/Articles/individual/batch_ag.done
    jobid: 11
    wildcards: id=ag
    resources: tmpdir=/tmp


        mkdir -p ../data/raw/Articles/artbatches
        mkdir -p ../data/raw/Articles/individual
        bash 2-journal_downl.sh ../data/raw/PMIDs/ID_batches/batch_ag
        touch ../data/raw/Articles/individual/batch_ag.done
        
[Sun Dec  7 00:59:43 2025]
Finished job 74.
87 of 135 steps (64%) done
Select jobs to execute...

[Sun Dec  7 00:59:43 2025]
rule article_download:
    input: ../data/raw/PMIDs/ID_batches/batch_cc
    output: ../data/raw/Articles/individual/batch_cc.done
    jobid: 59
    wildcards: id=cc
    resources: tmpdir=/tmp


        mkdir -p ../data/raw/Articles/artbatches
        mkdir -p ../data/raw/Articles/individual
        bash 2-journal_downl.sh ../data/raw/PMIDs/ID_batches/batch_cc
        touch ../data/raw/Articles/individual/batch_cc.done
        
[Sun Dec  7 00:59:43 2025]
Finished job 27.
88 of 135 steps (65%) done
Select jobs to execute...

[Sun Dec  7 00:59:43 2025]
rule article_download:
    input: ../data/raw/PMIDs/ID_batches/batch_am
    output: ../data/raw/Articles/individual/batch_am.done
    jobid: 17
    wildcards: id=am
    resources: tmpdir=/tmp


        mkdir -p ../data/raw/Articles/artbatches
        mkdir -p ../data/raw/Articles/individual
        bash 2-journal_downl.sh ../data/raw/PMIDs/ID_batches/batch_am
        touch ../data/raw/Articles/individual/batch_am.done
        
[Sun Dec  7 00:59:52 2025]
Finished job 11.
89 of 135 steps (66%) done
Select jobs to execute...

[Sun Dec  7 00:59:52 2025]
rule article_download:
    input: ../data/raw/PMIDs/ID_batches/batch_dh
    output: ../data/raw/Articles/individual/batch_dh.done
    jobid: 90
    wildcards: id=dh
    resources: tmpdir=/tmp


        mkdir -p ../data/raw/Articles/artbatches
        mkdir -p ../data/raw/Articles/individual
        bash 2-journal_downl.sh ../data/raw/PMIDs/ID_batches/batch_dh
        touch ../data/raw/Articles/individual/batch_dh.done
        
[Sun Dec  7 00:59:54 2025]
Finished job 17.
90 of 135 steps (67%) done
Select jobs to execute...

[Sun Dec  7 00:59:54 2025]
rule article_download:
    input: ../data/raw/PMIDs/ID_batches/batch_bs
    output: ../data/raw/Articles/individual/batch_bs.done
    jobid: 49
    wildcards: id=bs
    resources: tmpdir=/tmp


        mkdir -p ../data/raw/Articles/artbatches
        mkdir -p ../data/raw/Articles/individual
        bash 2-journal_downl.sh ../data/raw/PMIDs/ID_batches/batch_bs
        touch ../data/raw/Articles/individual/batch_bs.done
        
[Sun Dec  7 00:59:54 2025]
Finished job 59.
91 of 135 steps (67%) done
Select jobs to execute...

[Sun Dec  7 00:59:54 2025]
rule article_download:
    input: ../data/raw/PMIDs/ID_batches/batch_em
    output: ../data/raw/Articles/individual/batch_em.done
    jobid: 121
    wildcards: id=em
    resources: tmpdir=/tmp


        mkdir -p ../data/raw/Articles/artbatches
        mkdir -p ../data/raw/Articles/individual
        bash 2-journal_downl.sh ../data/raw/PMIDs/ID_batches/batch_em
        touch ../data/raw/Articles/individual/batch_em.done
        
[Sun Dec  7 01:00:06 2025]
Finished job 121.
92 of 135 steps (68%) done
Select jobs to execute...

[Sun Dec  7 01:00:06 2025]
rule article_download:
    input: ../data/raw/PMIDs/ID_batches/batch_ez
    output: ../data/raw/Articles/individual/batch_ez.done
    jobid: 134
    wildcards: id=ez
    resources: tmpdir=/tmp


        mkdir -p ../data/raw/Articles/artbatches
        mkdir -p ../data/raw/Articles/individual
        bash 2-journal_downl.sh ../data/raw/PMIDs/ID_batches/batch_ez
        touch ../data/raw/Articles/individual/batch_ez.done
        
[Sun Dec  7 01:00:07 2025]
Finished job 90.
93 of 135 steps (69%) done
Select jobs to execute...

[Sun Dec  7 01:00:07 2025]
rule article_download:
    input: ../data/raw/PMIDs/ID_batches/batch_be
    output: ../data/raw/Articles/individual/batch_be.done
    jobid: 35
    wildcards: id=be
    resources: tmpdir=/tmp


        mkdir -p ../data/raw/Articles/artbatches
        mkdir -p ../data/raw/Articles/individual
        bash 2-journal_downl.sh ../data/raw/PMIDs/ID_batches/batch_be
        touch ../data/raw/Articles/individual/batch_be.done
        
[Sun Dec  7 01:00:07 2025]
Finished job 49.
94 of 135 steps (70%) done
Select jobs to execute...

[Sun Dec  7 01:00:07 2025]
rule article_download:
    input: ../data/raw/PMIDs/ID_batches/batch_cp
    output: ../data/raw/Articles/individual/batch_cp.done
    jobid: 72
    wildcards: id=cp
    resources: tmpdir=/tmp


        mkdir -p ../data/raw/Articles/artbatches
        mkdir -p ../data/raw/Articles/individual
        bash 2-journal_downl.sh ../data/raw/PMIDs/ID_batches/batch_cp
        touch ../data/raw/Articles/individual/batch_cp.done
        
[Sun Dec  7 01:00:13 2025]
Finished job 134.
95 of 135 steps (70%) done
Select jobs to execute...

[Sun Dec  7 01:00:13 2025]
rule article_download:
    input: ../data/raw/PMIDs/ID_batches/batch_ck
    output: ../data/raw/Articles/individual/batch_ck.done
    jobid: 67
    wildcards: id=ck
    resources: tmpdir=/tmp


        mkdir -p ../data/raw/Articles/artbatches
        mkdir -p ../data/raw/Articles/individual
        bash 2-journal_downl.sh ../data/raw/PMIDs/ID_batches/batch_ck
        touch ../data/raw/Articles/individual/batch_ck.done
        
[Sun Dec  7 01:00:17 2025]
Finished job 35.
96 of 135 steps (71%) done
Select jobs to execute...

[Sun Dec  7 01:00:17 2025]
rule article_download:
    input: ../data/raw/PMIDs/ID_batches/batch_er
    output: ../data/raw/Articles/individual/batch_er.done
    jobid: 126
    wildcards: id=er
    resources: tmpdir=/tmp


        mkdir -p ../data/raw/Articles/artbatches
        mkdir -p ../data/raw/Articles/individual
        bash 2-journal_downl.sh ../data/raw/PMIDs/ID_batches/batch_er
        touch ../data/raw/Articles/individual/batch_er.done
        
[Sun Dec  7 01:00:17 2025]
Finished job 72.
97 of 135 steps (72%) done
Select jobs to execute...

[Sun Dec  7 01:00:17 2025]
rule article_download:
    input: ../data/raw/PMIDs/ID_batches/batch_dp
    output: ../data/raw/Articles/individual/batch_dp.done
    jobid: 98
    wildcards: id=dp
    resources: tmpdir=/tmp


        mkdir -p ../data/raw/Articles/artbatches
        mkdir -p ../data/raw/Articles/individual
        bash 2-journal_downl.sh ../data/raw/PMIDs/ID_batches/batch_dp
        touch ../data/raw/Articles/individual/batch_dp.done
        
[Sun Dec  7 01:00:23 2025]
Finished job 126.
98 of 135 steps (73%) done
Select jobs to execute...

[Sun Dec  7 01:00:23 2025]
rule article_download:
    input: ../data/raw/PMIDs/ID_batches/batch_cl
    output: ../data/raw/Articles/individual/batch_cl.done
    jobid: 68
    wildcards: id=cl
    resources: tmpdir=/tmp


        mkdir -p ../data/raw/Articles/artbatches
        mkdir -p ../data/raw/Articles/individual
        bash 2-journal_downl.sh ../data/raw/PMIDs/ID_batches/batch_cl
        touch ../data/raw/Articles/individual/batch_cl.done
        
[Sun Dec  7 01:00:23 2025]
Finished job 67.
99 of 135 steps (73%) done
Select jobs to execute...

[Sun Dec  7 01:00:23 2025]
rule article_download:
    input: ../data/raw/PMIDs/ID_batches/batch_bg
    output: ../data/raw/Articles/individual/batch_bg.done
    jobid: 37
    wildcards: id=bg
    resources: tmpdir=/tmp


        mkdir -p ../data/raw/Articles/artbatches
        mkdir -p ../data/raw/Articles/individual
        bash 2-journal_downl.sh ../data/raw/PMIDs/ID_batches/batch_bg
        touch ../data/raw/Articles/individual/batch_bg.done
        
[Sun Dec  7 01:00:26 2025]
Finished job 98.
100 of 135 steps (74%) done
Select jobs to execute...

[Sun Dec  7 01:00:26 2025]
rule article_download:
    input: ../data/raw/PMIDs/ID_batches/batch_ce
    output: ../data/raw/Articles/individual/batch_ce.done
    jobid: 61
    wildcards: id=ce
    resources: tmpdir=/tmp


        mkdir -p ../data/raw/Articles/artbatches
        mkdir -p ../data/raw/Articles/individual
        bash 2-journal_downl.sh ../data/raw/PMIDs/ID_batches/batch_ce
        touch ../data/raw/Articles/individual/batch_ce.done
        
[Sun Dec  7 01:00:34 2025]
Finished job 68.
101 of 135 steps (75%) done
Select jobs to execute...

[Sun Dec  7 01:00:37 2025]
rule article_download:
    input: ../data/raw/PMIDs/ID_batches/batch_dj
    output: ../data/raw/Articles/individual/batch_dj.done
    jobid: 92
    wildcards: id=dj
    resources: tmpdir=/tmp


        mkdir -p ../data/raw/Articles/artbatches
        mkdir -p ../data/raw/Articles/individual
        bash 2-journal_downl.sh ../data/raw/PMIDs/ID_batches/batch_dj
        touch ../data/raw/Articles/individual/batch_dj.done
        
[Sun Dec  7 01:00:37 2025]
Finished job 37.
102 of 135 steps (76%) done
Select jobs to execute...

[Sun Dec  7 01:00:37 2025]
rule article_download:
    input: ../data/raw/PMIDs/ID_batches/batch_eo
    output: ../data/raw/Articles/individual/batch_eo.done
    jobid: 123
    wildcards: id=eo
    resources: tmpdir=/tmp


        mkdir -p ../data/raw/Articles/artbatches
        mkdir -p ../data/raw/Articles/individual
        bash 2-journal_downl.sh ../data/raw/PMIDs/ID_batches/batch_eo
        touch ../data/raw/Articles/individual/batch_eo.done
        
[Sun Dec  7 01:00:39 2025]
Finished job 61.
103 of 135 steps (76%) done
Select jobs to execute...

[Sun Dec  7 01:00:39 2025]
rule article_download:
    input: ../data/raw/PMIDs/ID_batches/batch_cf
    output: ../data/raw/Articles/individual/batch_cf.done
    jobid: 62
    wildcards: id=cf
    resources: tmpdir=/tmp


        mkdir -p ../data/raw/Articles/artbatches
        mkdir -p ../data/raw/Articles/individual
        bash 2-journal_downl.sh ../data/raw/PMIDs/ID_batches/batch_cf
        touch ../data/raw/Articles/individual/batch_cf.done
        
[Sun Dec  7 01:00:47 2025]
Finished job 123.
104 of 135 steps (77%) done
Select jobs to execute...

[Sun Dec  7 01:00:47 2025]
rule article_download:
    input: ../data/raw/PMIDs/ID_batches/batch_az
    output: ../data/raw/Articles/individual/batch_az.done
    jobid: 30
    wildcards: id=az
    resources: tmpdir=/tmp


        mkdir -p ../data/raw/Articles/artbatches
        mkdir -p ../data/raw/Articles/individual
        bash 2-journal_downl.sh ../data/raw/PMIDs/ID_batches/batch_az
        touch ../data/raw/Articles/individual/batch_az.done
        
[Sun Dec  7 01:00:48 2025]
Finished job 92.
105 of 135 steps (78%) done
Select jobs to execute...

[Sun Dec  7 01:00:48 2025]
rule article_download:
    input: ../data/raw/PMIDs/ID_batches/batch_ep
    output: ../data/raw/Articles/individual/batch_ep.done
    jobid: 124
    wildcards: id=ep
    resources: tmpdir=/tmp


        mkdir -p ../data/raw/Articles/artbatches
        mkdir -p ../data/raw/Articles/individual
        bash 2-journal_downl.sh ../data/raw/PMIDs/ID_batches/batch_ep
        touch ../data/raw/Articles/individual/batch_ep.done
        
[Sun Dec  7 01:00:49 2025]
Finished job 62.
106 of 135 steps (79%) done
Select jobs to execute...

[Sun Dec  7 01:00:49 2025]
rule article_download:
    input: ../data/raw/PMIDs/ID_batches/batch_dk
    output: ../data/raw/Articles/individual/batch_dk.done
    jobid: 93
    wildcards: id=dk
    resources: tmpdir=/tmp


        mkdir -p ../data/raw/Articles/artbatches
        mkdir -p ../data/raw/Articles/individual
        bash 2-journal_downl.sh ../data/raw/PMIDs/ID_batches/batch_dk
        touch ../data/raw/Articles/individual/batch_dk.done
        
[Sun Dec  7 01:00:57 2025]
Finished job 124.
107 of 135 steps (79%) done
Select jobs to execute...

[Sun Dec  7 01:00:57 2025]
rule article_download:
    input: ../data/raw/PMIDs/ID_batches/batch_aj
    output: ../data/raw/Articles/individual/batch_aj.done
    jobid: 14
    wildcards: id=aj
    resources: tmpdir=/tmp


        mkdir -p ../data/raw/Articles/artbatches
        mkdir -p ../data/raw/Articles/individual
        bash 2-journal_downl.sh ../data/raw/PMIDs/ID_batches/batch_aj
        touch ../data/raw/Articles/individual/batch_aj.done
        
[Sun Dec  7 01:00:59 2025]
Finished job 93.
108 of 135 steps (80%) done
Select jobs to execute...

[Sun Dec  7 01:00:59 2025]
rule article_download:
    input: ../data/raw/PMIDs/ID_batches/batch_cu
    output: ../data/raw/Articles/individual/batch_cu.done
    jobid: 77
    wildcards: id=cu
    resources: tmpdir=/tmp


        mkdir -p ../data/raw/Articles/artbatches
        mkdir -p ../data/raw/Articles/individual
        bash 2-journal_downl.sh ../data/raw/PMIDs/ID_batches/batch_cu
        touch ../data/raw/Articles/individual/batch_cu.done
        
[Sun Dec  7 01:01:00 2025]
Finished job 30.
109 of 135 steps (81%) done
Select jobs to execute...

[Sun Dec  7 01:01:00 2025]
rule article_download:
    input: ../data/raw/PMIDs/ID_batches/batch_eh
    output: ../data/raw/Articles/individual/batch_eh.done
    jobid: 116
    wildcards: id=eh
    resources: tmpdir=/tmp


        mkdir -p ../data/raw/Articles/artbatches
        mkdir -p ../data/raw/Articles/individual
        bash 2-journal_downl.sh ../data/raw/PMIDs/ID_batches/batch_eh
        touch ../data/raw/Articles/individual/batch_eh.done
        
[Sun Dec  7 01:01:07 2025]
Finished job 116.
110 of 135 steps (81%) done
Select jobs to execute...

[Sun Dec  7 01:01:07 2025]
rule article_download:
    input: ../data/raw/PMIDs/ID_batches/batch_ar
    output: ../data/raw/Articles/individual/batch_ar.done
    jobid: 22
    wildcards: id=ar
    resources: tmpdir=/tmp


        mkdir -p ../data/raw/Articles/artbatches
        mkdir -p ../data/raw/Articles/individual
        bash 2-journal_downl.sh ../data/raw/PMIDs/ID_batches/batch_ar
        touch ../data/raw/Articles/individual/batch_ar.done
        
[Sun Dec  7 01:01:07 2025]
Finished job 14.
111 of 135 steps (82%) done
Select jobs to execute...

[Sun Dec  7 01:01:07 2025]
rule article_download:
    input: ../data/raw/PMIDs/ID_batches/batch_cn
    output: ../data/raw/Articles/individual/batch_cn.done
    jobid: 70
    wildcards: id=cn
    resources: tmpdir=/tmp


        mkdir -p ../data/raw/Articles/artbatches
        mkdir -p ../data/raw/Articles/individual
        bash 2-journal_downl.sh ../data/raw/PMIDs/ID_batches/batch_cn
        touch ../data/raw/Articles/individual/batch_cn.done
        
[Sun Dec  7 01:01:08 2025]
Finished job 77.
112 of 135 steps (83%) done
Select jobs to execute...

[Sun Dec  7 01:01:08 2025]
rule article_download:
    input: ../data/raw/PMIDs/ID_batches/batch_aa
    output: ../data/raw/Articles/individual/batch_aa.done
    jobid: 5
    wildcards: id=aa
    resources: tmpdir=/tmp


        mkdir -p ../data/raw/Articles/artbatches
        mkdir -p ../data/raw/Articles/individual
        bash 2-journal_downl.sh ../data/raw/PMIDs/ID_batches/batch_aa
        touch ../data/raw/Articles/individual/batch_aa.done
        
[Sun Dec  7 01:01:21 2025]
Finished job 70.
113 of 135 steps (84%) done
Select jobs to execute...

[Sun Dec  7 01:01:21 2025]
rule article_download:
    input: ../data/raw/PMIDs/ID_batches/batch_ac
    output: ../data/raw/Articles/individual/batch_ac.done
    jobid: 7
    wildcards: id=ac
    resources: tmpdir=/tmp


        mkdir -p ../data/raw/Articles/artbatches
        mkdir -p ../data/raw/Articles/individual
        bash 2-journal_downl.sh ../data/raw/PMIDs/ID_batches/batch_ac
        touch ../data/raw/Articles/individual/batch_ac.done
        
[Sun Dec  7 01:01:21 2025]
Finished job 5.
114 of 135 steps (84%) done
Select jobs to execute...

[Sun Dec  7 01:01:21 2025]
rule article_download:
    input: ../data/raw/PMIDs/ID_batches/batch_bi
    output: ../data/raw/Articles/individual/batch_bi.done
    jobid: 39
    wildcards: id=bi
    resources: tmpdir=/tmp


        mkdir -p ../data/raw/Articles/artbatches
        mkdir -p ../data/raw/Articles/individual
        bash 2-journal_downl.sh ../data/raw/PMIDs/ID_batches/batch_bi
        touch ../data/raw/Articles/individual/batch_bi.done
        
[Sun Dec  7 01:01:21 2025]
Finished job 22.
115 of 135 steps (85%) done
Select jobs to execute...

[Sun Dec  7 01:01:21 2025]
rule article_download:
    input: ../data/raw/PMIDs/ID_batches/batch_ax
    output: ../data/raw/Articles/individual/batch_ax.done
    jobid: 28
    wildcards: id=ax
    resources: tmpdir=/tmp


        mkdir -p ../data/raw/Articles/artbatches
        mkdir -p ../data/raw/Articles/individual
        bash 2-journal_downl.sh ../data/raw/PMIDs/ID_batches/batch_ax
        touch ../data/raw/Articles/individual/batch_ax.done
        
[Sun Dec  7 01:01:32 2025]
Finished job 28.
116 of 135 steps (86%) done
Select jobs to execute...

[Sun Dec  7 01:01:32 2025]
rule article_download:
    input: ../data/raw/PMIDs/ID_batches/batch_cd
    output: ../data/raw/Articles/individual/batch_cd.done
    jobid: 60
    wildcards: id=cd
    resources: tmpdir=/tmp


        mkdir -p ../data/raw/Articles/artbatches
        mkdir -p ../data/raw/Articles/individual
        bash 2-journal_downl.sh ../data/raw/PMIDs/ID_batches/batch_cd
        touch ../data/raw/Articles/individual/batch_cd.done
        
[Sun Dec  7 01:01:33 2025]
Finished job 39.
117 of 135 steps (87%) done
Select jobs to execute...

[Sun Dec  7 01:01:33 2025]
rule article_download:
    input: ../data/raw/PMIDs/ID_batches/batch_di
    output: ../data/raw/Articles/individual/batch_di.done
    jobid: 91
    wildcards: id=di
    resources: tmpdir=/tmp


        mkdir -p ../data/raw/Articles/artbatches
        mkdir -p ../data/raw/Articles/individual
        bash 2-journal_downl.sh ../data/raw/PMIDs/ID_batches/batch_di
        touch ../data/raw/Articles/individual/batch_di.done
        
[Sun Dec  7 01:01:33 2025]
Finished job 7.
118 of 135 steps (87%) done
Select jobs to execute...

[Sun Dec  7 01:01:33 2025]
rule article_download:
    input: ../data/raw/PMIDs/ID_batches/batch_en
    output: ../data/raw/Articles/individual/batch_en.done
    jobid: 122
    wildcards: id=en
    resources: tmpdir=/tmp


        mkdir -p ../data/raw/Articles/artbatches
        mkdir -p ../data/raw/Articles/individual
        bash 2-journal_downl.sh ../data/raw/PMIDs/ID_batches/batch_en
        touch ../data/raw/Articles/individual/batch_en.done
        
[Sun Dec  7 01:01:42 2025]
Finished job 122.
119 of 135 steps (88%) done
Select jobs to execute...

[Sun Dec  7 01:01:42 2025]
rule article_download:
    input: ../data/raw/PMIDs/ID_batches/batch_bf
    output: ../data/raw/Articles/individual/batch_bf.done
    jobid: 36
    wildcards: id=bf
    resources: tmpdir=/tmp


        mkdir -p ../data/raw/Articles/artbatches
        mkdir -p ../data/raw/Articles/individual
        bash 2-journal_downl.sh ../data/raw/PMIDs/ID_batches/batch_bf
        touch ../data/raw/Articles/individual/batch_bf.done
        
[Sun Dec  7 01:01:43 2025]
Finished job 91.
120 of 135 steps (89%) done
Select jobs to execute...

[Sun Dec  7 01:01:43 2025]
rule article_download:
    input: ../data/raw/PMIDs/ID_batches/batch_dq
    output: ../data/raw/Articles/individual/batch_dq.done
    jobid: 99
    wildcards: id=dq
    resources: tmpdir=/tmp


        mkdir -p ../data/raw/Articles/artbatches
        mkdir -p ../data/raw/Articles/individual
        bash 2-journal_downl.sh ../data/raw/PMIDs/ID_batches/batch_dq
        touch ../data/raw/Articles/individual/batch_dq.done
        
[Sun Dec  7 01:01:44 2025]
Finished job 60.
121 of 135 steps (90%) done
Select jobs to execute...

[Sun Dec  7 01:01:44 2025]
rule article_download:
    input: ../data/raw/PMIDs/ID_batches/batch_dx
    output: ../data/raw/Articles/individual/batch_dx.done
    jobid: 106
    wildcards: id=dx
    resources: tmpdir=/tmp


        mkdir -p ../data/raw/Articles/artbatches
        mkdir -p ../data/raw/Articles/individual
        bash 2-journal_downl.sh ../data/raw/PMIDs/ID_batches/batch_dx
        touch ../data/raw/Articles/individual/batch_dx.done
        
[Sun Dec  7 01:01:55 2025]
Finished job 99.
122 of 135 steps (90%) done
Select jobs to execute...

[Sun Dec  7 01:01:55 2025]
rule article_download:
    input: ../data/raw/PMIDs/ID_batches/batch_bn
    output: ../data/raw/Articles/individual/batch_bn.done
    jobid: 44
    wildcards: id=bn
    resources: tmpdir=/tmp


        mkdir -p ../data/raw/Articles/artbatches
        mkdir -p ../data/raw/Articles/individual
        bash 2-journal_downl.sh ../data/raw/PMIDs/ID_batches/batch_bn
        touch ../data/raw/Articles/individual/batch_bn.done
        
[Sun Dec  7 01:01:55 2025]
Finished job 106.
123 of 135 steps (91%) done
Select jobs to execute...

[Sun Dec  7 01:01:55 2025]
rule article_download:
    input: ../data/raw/PMIDs/ID_batches/batch_eu
    output: ../data/raw/Articles/individual/batch_eu.done
    jobid: 129
    wildcards: id=eu
    resources: tmpdir=/tmp


        mkdir -p ../data/raw/Articles/artbatches
        mkdir -p ../data/raw/Articles/individual
        bash 2-journal_downl.sh ../data/raw/PMIDs/ID_batches/batch_eu
        touch ../data/raw/Articles/individual/batch_eu.done
        
[Sun Dec  7 01:01:56 2025]
Finished job 36.
124 of 135 steps (92%) done
Select jobs to execute...

[Sun Dec  7 01:01:56 2025]
rule article_download:
    input: ../data/raw/PMIDs/ID_batches/batch_dl
    output: ../data/raw/Articles/individual/batch_dl.done
    jobid: 94
    wildcards: id=dl
    resources: tmpdir=/tmp


        mkdir -p ../data/raw/Articles/artbatches
        mkdir -p ../data/raw/Articles/individual
        bash 2-journal_downl.sh ../data/raw/PMIDs/ID_batches/batch_dl
        touch ../data/raw/Articles/individual/batch_dl.done
        
[Sun Dec  7 01:02:05 2025]
Finished job 94.
125 of 135 steps (93%) done
Select jobs to execute...

[Sun Dec  7 01:02:05 2025]
rule article_download:
    input: ../data/raw/PMIDs/ID_batches/batch_ex
    output: ../data/raw/Articles/individual/batch_ex.done
    jobid: 132
    wildcards: id=ex
    resources: tmpdir=/tmp


        mkdir -p ../data/raw/Articles/artbatches
        mkdir -p ../data/raw/Articles/individual
        bash 2-journal_downl.sh ../data/raw/PMIDs/ID_batches/batch_ex
        touch ../data/raw/Articles/individual/batch_ex.done
        
[Sun Dec  7 01:02:05 2025]
Finished job 129.
126 of 135 steps (93%) done
Select jobs to execute...

[Sun Dec  7 01:02:05 2025]
rule article_download:
    input: ../data/raw/PMIDs/ID_batches/batch_ak
    output: ../data/raw/Articles/individual/batch_ak.done
    jobid: 15
    wildcards: id=ak
    resources: tmpdir=/tmp


        mkdir -p ../data/raw/Articles/artbatches
        mkdir -p ../data/raw/Articles/individual
        bash 2-journal_downl.sh ../data/raw/PMIDs/ID_batches/batch_ak
        touch ../data/raw/Articles/individual/batch_ak.done
        
[Sun Dec  7 01:02:06 2025]
Finished job 44.
127 of 135 steps (94%) done
Select jobs to execute...

[Sun Dec  7 01:02:06 2025]
rule article_download:
    input: ../data/raw/PMIDs/ID_batches/batch_ea
    output: ../data/raw/Articles/individual/batch_ea.done
    jobid: 109
    wildcards: id=ea
    resources: tmpdir=/tmp


        mkdir -p ../data/raw/Articles/artbatches
        mkdir -p ../data/raw/Articles/individual
        bash 2-journal_downl.sh ../data/raw/PMIDs/ID_batches/batch_ea
        touch ../data/raw/Articles/individual/batch_ea.done
        
[Sun Dec  7 01:02:12 2025]
Finished job 132.
128 of 135 steps (95%) done
Select jobs to execute...

[Sun Dec  7 01:02:12 2025]
rule article_download:
    input: ../data/raw/PMIDs/ID_batches/batch_cg
    output: ../data/raw/Articles/individual/batch_cg.done
    jobid: 63
    wildcards: id=cg
    resources: tmpdir=/tmp


        mkdir -p ../data/raw/Articles/artbatches
        mkdir -p ../data/raw/Articles/individual
        bash 2-journal_downl.sh ../data/raw/PMIDs/ID_batches/batch_cg
        touch ../data/raw/Articles/individual/batch_cg.done
        
[Sun Dec  7 01:02:15 2025]
Finished job 109.
129 of 135 steps (96%) done
Select jobs to execute...

[Sun Dec  7 01:02:15 2025]
rule article_download:
    input: ../data/raw/PMIDs/ID_batches/batch_ba
    output: ../data/raw/Articles/individual/batch_ba.done
    jobid: 31
    wildcards: id=ba
    resources: tmpdir=/tmp


        mkdir -p ../data/raw/Articles/artbatches
        mkdir -p ../data/raw/Articles/individual
        bash 2-journal_downl.sh ../data/raw/PMIDs/ID_batches/batch_ba
        touch ../data/raw/Articles/individual/batch_ba.done
        
[Sun Dec  7 01:02:17 2025]
Finished job 15.
130 of 135 steps (96%) done
[Sun Dec  7 01:02:26 2025]
Finished job 63.
131 of 135 steps (97%) done
[Sun Dec  7 01:02:28 2025]
Finished job 31.
132 of 135 steps (98%) done
Select jobs to execute...

[Sun Dec  7 01:02:30 2025]
rule journal_formatting:
    input: ../data/raw/PMIDs/ID_batches, ../data/raw/Articles/individual/batch_aa.done, ../data/raw/Articles/individual/batch_ab.done, ../data/raw/Articles/individual/batch_ac.done, ../data/raw/Articles/individual/batch_ad.done, ../data/raw/Articles/individual/batch_ae.done, ../data/raw/Articles/individual/batch_af.done, ../data/raw/Articles/individual/batch_ag.done, ../data/raw/Articles/individual/batch_ah.done, ../data/raw/Articles/individual/batch_ai.done, ../data/raw/Articles/individual/batch_aj.done, ../data/raw/Articles/individual/batch_ak.done, ../data/raw/Articles/individual/batch_al.done, ../data/raw/Articles/individual/batch_am.done, ../data/raw/Articles/individual/batch_an.done, ../data/raw/Articles/individual/batch_ao.done, ../data/raw/Articles/individual/batch_ap.done, ../data/raw/Articles/individual/batch_aq.done, ../data/raw/Articles/individual/batch_ar.done, ../data/raw/Articles/individual/batch_as.done, ../data/raw/Articles/individual/batch_at.done, ../data/raw/Articles/individual/batch_au.done, ../data/raw/Articles/individual/batch_av.done, ../data/raw/Articles/individual/batch_aw.done, ../data/raw/Articles/individual/batch_ax.done, ../data/raw/Articles/individual/batch_ay.done, ../data/raw/Articles/individual/batch_az.done, ../data/raw/Articles/individual/batch_ba.done, ../data/raw/Articles/individual/batch_bb.done, ../data/raw/Articles/individual/batch_bc.done, ../data/raw/Articles/individual/batch_bd.done, ../data/raw/Articles/individual/batch_be.done, ../data/raw/Articles/individual/batch_bf.done, ../data/raw/Articles/individual/batch_bg.done, ../data/raw/Articles/individual/batch_bh.done, ../data/raw/Articles/individual/batch_bi.done, ../data/raw/Articles/individual/batch_bj.done, ../data/raw/Articles/individual/batch_bk.done, ../data/raw/Articles/individual/batch_bl.done, ../data/raw/Articles/individual/batch_bm.done, ../data/raw/Articles/individual/batch_bn.done, ../data/raw/Articles/individual/batch_bo.done, ../data/raw/Articles/individual/batch_bp.done, ../data/raw/Articles/individual/batch_bq.done, ../data/raw/Articles/individual/batch_br.done, ../data/raw/Articles/individual/batch_bs.done, ../data/raw/Articles/individual/batch_bt.done, ../data/raw/Articles/individual/batch_bu.done, ../data/raw/Articles/individual/batch_bv.done, ../data/raw/Articles/individual/batch_bw.done, ../data/raw/Articles/individual/batch_bx.done, ../data/raw/Articles/individual/batch_by.done, ../data/raw/Articles/individual/batch_bz.done, ../data/raw/Articles/individual/batch_ca.done, ../data/raw/Articles/individual/batch_cb.done, ../data/raw/Articles/individual/batch_cc.done, ../data/raw/Articles/individual/batch_cd.done, ../data/raw/Articles/individual/batch_ce.done, ../data/raw/Articles/individual/batch_cf.done, ../data/raw/Articles/individual/batch_cg.done, ../data/raw/Articles/individual/batch_ch.done, ../data/raw/Articles/individual/batch_ci.done, ../data/raw/Articles/individual/batch_cj.done, ../data/raw/Articles/individual/batch_ck.done, ../data/raw/Articles/individual/batch_cl.done, ../data/raw/Articles/individual/batch_cm.done, ../data/raw/Articles/individual/batch_cn.done, ../data/raw/Articles/individual/batch_co.done, ../data/raw/Articles/individual/batch_cp.done, ../data/raw/Articles/individual/batch_cq.done, ../data/raw/Articles/individual/batch_cr.done, ../data/raw/Articles/individual/batch_cs.done, ../data/raw/Articles/individual/batch_ct.done, ../data/raw/Articles/individual/batch_cu.done, ../data/raw/Articles/individual/batch_cv.done, ../data/raw/Articles/individual/batch_cw.done, ../data/raw/Articles/individual/batch_cx.done, ../data/raw/Articles/individual/batch_cy.done, ../data/raw/Articles/individual/batch_cz.done, ../data/raw/Articles/individual/batch_da.done, ../data/raw/Articles/individual/batch_db.done, ../data/raw/Articles/individual/batch_dc.done, ../data/raw/Articles/individual/batch_dd.done, ../data/raw/Articles/individual/batch_de.done, ../data/raw/Articles/individual/batch_df.done, ../data/raw/Articles/individual/batch_dg.done, ../data/raw/Articles/individual/batch_dh.done, ../data/raw/Articles/individual/batch_di.done, ../data/raw/Articles/individual/batch_dj.done, ../data/raw/Articles/individual/batch_dk.done, ../data/raw/Articles/individual/batch_dl.done, ../data/raw/Articles/individual/batch_dm.done, ../data/raw/Articles/individual/batch_dn.done, ../data/raw/Articles/individual/batch_do.done, ../data/raw/Articles/individual/batch_dp.done, ../data/raw/Articles/individual/batch_dq.done, ../data/raw/Articles/individual/batch_dr.done, ../data/raw/Articles/individual/batch_ds.done, ../data/raw/Articles/individual/batch_dt.done, ../data/raw/Articles/individual/batch_du.done, ../data/raw/Articles/individual/batch_dv.done, ../data/raw/Articles/individual/batch_dw.done, ../data/raw/Articles/individual/batch_dx.done, ../data/raw/Articles/individual/batch_dy.done, ../data/raw/Articles/individual/batch_dz.done, ../data/raw/Articles/individual/batch_ea.done, ../data/raw/Articles/individual/batch_eb.done, ../data/raw/Articles/individual/batch_ec.done, ../data/raw/Articles/individual/batch_ed.done, ../data/raw/Articles/individual/batch_ee.done, ../data/raw/Articles/individual/batch_ef.done, ../data/raw/Articles/individual/batch_eg.done, ../data/raw/Articles/individual/batch_eh.done, ../data/raw/Articles/individual/batch_ei.done, ../data/raw/Articles/individual/batch_ej.done, ../data/raw/Articles/individual/batch_ek.done, ../data/raw/Articles/individual/batch_el.done, ../data/raw/Articles/individual/batch_em.done, ../data/raw/Articles/individual/batch_en.done, ../data/raw/Articles/individual/batch_eo.done, ../data/raw/Articles/individual/batch_ep.done, ../data/raw/Articles/individual/batch_eq.done, ../data/raw/Articles/individual/batch_er.done, ../data/raw/Articles/individual/batch_es.done, ../data/raw/Articles/individual/batch_et.done, ../data/raw/Articles/individual/batch_eu.done, ../data/raw/Articles/individual/batch_ev.done, ../data/raw/Articles/individual/batch_ew.done, ../data/raw/Articles/individual/batch_ex.done, ../data/raw/Articles/individual/batch_ey.done, ../data/raw/Articles/individual/batch_ez.done, ../data/raw/Articles/individual/batch_fa.done
    output: ../data/clean/journal_data_cleaned.tsv
    jobid: 2
    resources: tmpdir=/tmp


        Rscript 3-journal_formatting.R ../data/raw/Articles ../data/clean/journal_data_cleaned.tsv
        
[Sun Dec  7 01:02:32 2025]
Error in rule journal_formatting:
    jobid: 2
    output: ../data/clean/journal_data_cleaned.tsv
    shell:
        
        Rscript 3-journal_formatting.R ../data/raw/Articles ../data/clean/journal_data_cleaned.tsv
        
        (one of the commands exited with non-zero exit code; note that snakemake uses bash strict mode!)

Shutting down, this might take some time.
Exiting because a job execution failed. Look above for error message
Complete log: /mnt/c/Users/mattg/summative/ADHS_assessment_code_2725312/code/.snakemake/log/2025-12-07T005428.704209.snakemake.log
