Building DAG of jobs...
Using shell: /usr/bin/bash
Provided cores: 3
Rules claiming more threads will be scaled down.
Job stats:
job                   count    min threads    max threads
------------------  -------  -------------  -------------
all                       1              1              1
journal_formatting        1              1              1
list_download             1              1              1
total                     3              1              1

Select jobs to execute...

[Thu Dec  4 23:28:59 2025]
checkpoint list_download:
    output: ../data/raw/PMIDs/ID_batches
    jobid: 2
    reason: Missing output files: ../data/raw/PMIDs/ID_batches
    resources: tmpdir=/tmp
DAG of jobs will be updated after completion.


        mkdir -p ../data/raw/PMIDs
        bash 1-ID_list_downl.sh true
        
[Thu Dec  4 23:29:00 2025]
Finished job 2.
1 of 3 steps (33%) done
Select jobs to execute...

[Thu Dec  4 23:29:00 2025]
rule article_download:
    input: ../data/raw/PMIDs/ID_batches/batch_aa
    output: ../data/raw/Articles/individual/batch_aa.done
    jobid: 4
    reason: Missing output files: ../data/raw/Articles/individual/batch_aa.done
    wildcards: id=aa
    resources: tmpdir=/tmp


        mkdir -p ../data/raw/Articles/artbatches
        mkdir -p ../data/raw/Articles/individual
        bash 2-journal_downl.sh ../data/raw/PMIDs/ID_batches/batch_aa
        touch ../data/raw/Articles/individual/batch_aa.done
        
[Thu Dec  4 23:29:04 2025]
Finished job 4.
2 of 4 steps (50%) done
Select jobs to execute...

[Thu Dec  4 23:29:04 2025]
rule journal_formatting:
    input: ../data/raw/PMIDs/ID_batches, ../data/raw/Articles/individual/batch_aa.done
    output: ../data/clean/journal_data_cleaned.tsv
    jobid: 1
    reason: Missing output files: ../data/clean/journal_data_cleaned.tsv; Input files updated by another job: ../data/raw/Articles/individual/batch_aa.done; Set of input files has changed since last execution
    resources: tmpdir=/tmp


        Rscript 3-journal_formatting.R ../data/raw/Articles ../data/clean/journal_data_cleaned.tsv
        
[Thu Dec  4 23:29:07 2025]
Finished job 1.
3 of 4 steps (75%) done
Select jobs to execute...

[Thu Dec  4 23:29:07 2025]
localrule all:
    input: ../data/clean/journal_data_cleaned.tsv
    jobid: 0
    reason: Input files updated by another job: ../data/clean/journal_data_cleaned.tsv
    resources: tmpdir=/tmp

[Thu Dec  4 23:29:07 2025]
Finished job 0.
4 of 4 steps (100%) done
Complete log: .snakemake/log/2025-12-04T232858.111451.snakemake.log
