Building DAG of jobs...
Using shell: /usr/bin/bash
Provided cores: 3
Rules claiming more threads will be scaled down.
Job stats:
job                      count    min threads    max threads
---------------------  -------  -------------  -------------
all                          1              1              1
journal_formatting           1              1              1
journal_visualisation        1              1              1
list_download                1              1              1
total                        4              1              1

Select jobs to execute...

[Sun Dec  7 23:10:48 2025]
checkpoint list_download:
    output: ../data/raw/PMIDs/ID_batches
    jobid: 3
    resources: tmpdir=/tmp
Downstream jobs will be updated after completion.


        mkdir -p ../data/raw/PMIDs
        bash 1-ID_list_downl.sh truehttps://eutils.ncbi.nlm.nih.gov/entrez/eutils/esearch.fcgi?db=pubmed&term=%22gaming+disorder%22+OR+%22smartphone+addiction%22+OR+%22internet+addiction%22+OR+%22social+media+addiction%22&retmax=10000
        
Waiting at most 5 seconds for missing files.
[Sun Dec  7 23:10:49 2025]
Finished job 3.
1 of 4 steps (25%) done
Updating job journal_formatting.
Select jobs to execute...

[Sun Dec  7 23:10:49 2025]
rule journal_formatting:
    input: ../data/raw/PMIDs/ID_batches
    output: ../data/clean/journal_data_cleaned.tsv
    jobid: 2
    resources: tmpdir=/tmp


        Rscript 3-journal_formatting.R ../data/raw/Articles ../data/clean/journal_data_cleaned.tsv
        
[Sun Dec  7 23:10:51 2025]
Error in rule journal_formatting:
    jobid: 2
    output: ../data/clean/journal_data_cleaned.tsv
    shell:
        
        Rscript 3-journal_formatting.R ../data/raw/Articles ../data/clean/journal_data_cleaned.tsv
        
        (one of the commands exited with non-zero exit code; note that snakemake uses bash strict mode!)

Shutting down, this might take some time.
Exiting because a job execution failed. Look above for error message
Complete log: /mnt/c/Users/mattg/summative/ADHS_assessment_code_2725312/code/.snakemake/log/2025-12-07T231046.394922.snakemake.log
