Building DAG of jobs...
Using shell: /usr/bin/bash
Provided cores: 3
Rules claiming more threads will be scaled down.
Job stats:
job                      count    min threads    max threads
---------------------  -------  -------------  -------------
all                          1              1              1
journal_visualisation        1              1              1
total                        2              1              1

Select jobs to execute...

[Sun Dec  7 18:33:56 2025]
rule journal_visualisation:
    input: ../data/clean/journal_data_cleaned.tsv
    output: ../results/abstract_tsne_clustering.png
    jobid: 1
    reason: Missing output files: ../results/abstract_tsne_clustering.png
    resources: tmpdir=/tmp


        mkdir -p ../results
        Rscript 4-journal_visualisation.R ../results/abstract_tsne_clustering.png
        
[Sun Dec  7 18:34:05 2025]
Finished job 1.
1 of 2 steps (50%) done
Select jobs to execute...

[Sun Dec  7 18:34:05 2025]
localrule all:
    input: ../results/abstract_tsne_clustering.png
    jobid: 0
    reason: Input files updated by another job: ../results/abstract_tsne_clustering.png
    resources: tmpdir=/tmp

[Sun Dec  7 18:34:05 2025]
Finished job 0.
2 of 2 steps (100%) done
Complete log: .snakemake/log/2025-12-07T183353.249664.snakemake.log
