Building DAG of jobs...
Using shell: /usr/bin/bash
Provided cores: 3
Rules claiming more threads will be scaled down.
Job stats:
job                      count    min threads    max threads
---------------------  -------  -------------  -------------
all                          1              1              1
journal_formatting           1              1              1
journal_visualisation        1              1              1
list_download                1              1              1
total                        4              1              1

Select jobs to execute...

[Sun Dec  7 12:47:56 2025]
checkpoint list_download:
    output: ../data/raw/PMIDs/ID_batches
    jobid: 3
    resources: tmpdir=/tmp
Downstream jobs will be updated after completion.

RuleException in line 7 of /mnt/c/Users/mattg/summative/ADHS_assessment_code_2725312/code/Snakefile:
NameError: The name 'pipeline_params' is unknown in this context. Please make sure that you defined that variable. Also note that braces not used for variable access have to be escaped by repeating them, i.e. {{print $1}}
