Building DAG of jobs...
Using shell: /usr/bin/bash
Provided cores: 1 (use --cores to define parallelism)
Rules claiming more threads will be scaled down.
Job stats:
job              count    min threads    max threads
-------------  -------  -------------  -------------
list_download        1              1              1
total                1              1              1

Select jobs to execute...

[Wed Dec  3 15:07:46 2025]
rule list_download:
    output: ../data/raw/IDs/IDs.xml
    jobid: 0
    resources: tmpdir=/tmp

[Wed Dec  3 15:07:46 2025]
Error in rule list_download:
    jobid: 0
    output: ../data/raw/IDs/IDs.xml
    shell:
         bash 1-ID_list_download.sh
        (one of the commands exited with non-zero exit code; note that snakemake uses bash strict mode!)

Shutting down, this might take some time.
Exiting because a job execution failed. Look above for error message
Complete log: /mnt/c/Users/mattg/summative/ADHS_assessment_code_2725312/code/.snakemake/log/2025-12-03T150745.761899.snakemake.log
