Building DAG of jobs...
Using shell: /usr/bin/bash
Provided cores: 1 (use --cores to define parallelism)
Rules claiming more threads will be scaled down.
Job stats:
job                   count    min threads    max threads
------------------  -------  -------------  -------------
all                       1              1              1
journal_formatting        1              1              1
total                     2              1              1

Select jobs to execute...

[Thu Dec  4 22:40:09 2025]
rule journal_formatting:
    output: ../data/clean/journal_data_cleaned.tsv
    jobid: 1
    reason: Missing output files: ../data/clean/journal_data_cleaned.tsv
    resources: tmpdir=/tmp

[Thu Dec  4 22:40:11 2025]
Finished job 1.
1 of 2 steps (50%) done
Select jobs to execute...

[Thu Dec  4 22:40:11 2025]
localrule all:
    input: ../data/clean/journal_data_cleaned.tsv
    jobid: 0
    reason: Input files updated by another job: ../data/clean/journal_data_cleaned.tsv
    resources: tmpdir=/tmp

[Thu Dec  4 22:40:11 2025]
Finished job 0.
2 of 2 steps (100%) done
Complete log: .snakemake/log/2025-12-04T224006.713911.snakemake.log
