Building DAG of jobs...
Using shell: /usr/bin/bash
Provided cores: 3
Rules claiming more threads will be scaled down.
Job stats:
job                   count    min threads    max threads
------------------  -------  -------------  -------------
all                       1              1              1
journal_formatting        1              1              1
list_download             1              1              1
total                     3              1              1

Select jobs to execute...

[Thu Dec  4 23:46:19 2025]
checkpoint list_download:
    output: ../data/raw/PMIDs/ID_batches
    jobid: 2
    reason: Missing output files: ../data/raw/PMIDs/ID_batches
    resources: tmpdir=/tmp
DAG of jobs will be updated after completion.


        mkdir -p ../data/raw/PMIDs
        bash 1-ID_list_downl.sh false
        
[Thu Dec  4 23:46:21 2025]
Finished job 2.
1 of 3 steps (33%) done
Select jobs to execute...

[Thu Dec  4 23:46:26 2025]
rule article_download:
    input: ../data/raw/PMIDs/ID_batches/batch_an
    output: ../data/raw/Articles/individual/batch_an.done
    jobid: 17
    reason: Missing output files: ../data/raw/Articles/individual/batch_an.done
    wildcards: id=an
    resources: tmpdir=/tmp


        mkdir -p ../data/raw/Articles/artbatches
        mkdir -p ../data/raw/Articles/individual
        bash 2-journal_downl.sh ../data/raw/PMIDs/ID_batches/batch_an
        touch ../data/raw/Articles/individual/batch_an.done
        

[Thu Dec  4 23:46:26 2025]
rule article_download:
    input: ../data/raw/PMIDs/ID_batches/batch_cv
    output: ../data/raw/Articles/individual/batch_cv.done
    jobid: 77
    reason: Missing output files: ../data/raw/Articles/individual/batch_cv.done
    wildcards: id=cv
    resources: tmpdir=/tmp


        mkdir -p ../data/raw/Articles/artbatches
        mkdir -p ../data/raw/Articles/individual
        bash 2-journal_downl.sh ../data/raw/PMIDs/ID_batches/batch_cv
        touch ../data/raw/Articles/individual/batch_cv.done
        

[Thu Dec  4 23:46:26 2025]
rule article_download:
    input: ../data/raw/PMIDs/ID_batches/batch_cr
    output: ../data/raw/Articles/individual/batch_cr.done
    jobid: 73
    reason: Missing output files: ../data/raw/Articles/individual/batch_cr.done
    wildcards: id=cr
    resources: tmpdir=/tmp


        mkdir -p ../data/raw/Articles/artbatches
        mkdir -p ../data/raw/Articles/individual
        bash 2-journal_downl.sh ../data/raw/PMIDs/ID_batches/batch_cr
        touch ../data/raw/Articles/individual/batch_cr.done
        
[Thu Dec  4 23:46:35 2025]
Finished job 77.
2 of 134 steps (1%) done
Select jobs to execute...

[Thu Dec  4 23:46:35 2025]
rule article_download:
    input: ../data/raw/PMIDs/ID_batches/batch_et
    output: ../data/raw/Articles/individual/batch_et.done
    jobid: 127
    reason: Missing output files: ../data/raw/Articles/individual/batch_et.done
    wildcards: id=et
    resources: tmpdir=/tmp


        mkdir -p ../data/raw/Articles/artbatches
        mkdir -p ../data/raw/Articles/individual
        bash 2-journal_downl.sh ../data/raw/PMIDs/ID_batches/batch_et
        touch ../data/raw/Articles/individual/batch_et.done
        
[Thu Dec  4 23:46:36 2025]
Finished job 17.
3 of 134 steps (2%) done
Select jobs to execute...

[Thu Dec  4 23:46:36 2025]
rule article_download:
    input: ../data/raw/PMIDs/ID_batches/batch_cy
    output: ../data/raw/Articles/individual/batch_cy.done
    jobid: 80
    reason: Missing output files: ../data/raw/Articles/individual/batch_cy.done
    wildcards: id=cy
    resources: tmpdir=/tmp


        mkdir -p ../data/raw/Articles/artbatches
        mkdir -p ../data/raw/Articles/individual
        bash 2-journal_downl.sh ../data/raw/PMIDs/ID_batches/batch_cy
        touch ../data/raw/Articles/individual/batch_cy.done
        
[Thu Dec  4 23:46:36 2025]
Finished job 73.
4 of 134 steps (3%) done
Select jobs to execute...

[Thu Dec  4 23:46:36 2025]
rule article_download:
    input: ../data/raw/PMIDs/ID_batches/batch_ec
    output: ../data/raw/Articles/individual/batch_ec.done
    jobid: 110
    reason: Missing output files: ../data/raw/Articles/individual/batch_ec.done
    wildcards: id=ec
    resources: tmpdir=/tmp


        mkdir -p ../data/raw/Articles/artbatches
        mkdir -p ../data/raw/Articles/individual
        bash 2-journal_downl.sh ../data/raw/PMIDs/ID_batches/batch_ec
        touch ../data/raw/Articles/individual/batch_ec.done
        
[Thu Dec  4 23:46:42 2025]
Finished job 127.
5 of 134 steps (4%) done
Select jobs to execute...

[Thu Dec  4 23:46:42 2025]
rule article_download:
    input: ../data/raw/PMIDs/ID_batches/batch_ep
    output: ../data/raw/Articles/individual/batch_ep.done
    jobid: 123
    reason: Missing output files: ../data/raw/Articles/individual/batch_ep.done
    wildcards: id=ep
    resources: tmpdir=/tmp


        mkdir -p ../data/raw/Articles/artbatches
        mkdir -p ../data/raw/Articles/individual
        bash 2-journal_downl.sh ../data/raw/PMIDs/ID_batches/batch_ep
        touch ../data/raw/Articles/individual/batch_ep.done
        
[Thu Dec  4 23:46:44 2025]
Finished job 110.
6 of 134 steps (4%) done
Select jobs to execute...

[Thu Dec  4 23:46:44 2025]
rule article_download:
    input: ../data/raw/PMIDs/ID_batches/batch_bd
    output: ../data/raw/Articles/individual/batch_bd.done
    jobid: 33
    reason: Missing output files: ../data/raw/Articles/individual/batch_bd.done
    wildcards: id=bd
    resources: tmpdir=/tmp


        mkdir -p ../data/raw/Articles/artbatches
        mkdir -p ../data/raw/Articles/individual
        bash 2-journal_downl.sh ../data/raw/PMIDs/ID_batches/batch_bd
        touch ../data/raw/Articles/individual/batch_bd.done
        
[Thu Dec  4 23:46:44 2025]
Finished job 80.
7 of 134 steps (5%) done
Select jobs to execute...

[Thu Dec  4 23:46:44 2025]
rule article_download:
    input: ../data/raw/PMIDs/ID_batches/batch_bq
    output: ../data/raw/Articles/individual/batch_bq.done
    jobid: 46
    reason: Missing output files: ../data/raw/Articles/individual/batch_bq.done
    wildcards: id=bq
    resources: tmpdir=/tmp


        mkdir -p ../data/raw/Articles/artbatches
        mkdir -p ../data/raw/Articles/individual
        bash 2-journal_downl.sh ../data/raw/PMIDs/ID_batches/batch_bq
        touch ../data/raw/Articles/individual/batch_bq.done
        
[Thu Dec  4 23:46:49 2025]
Finished job 123.
8 of 134 steps (6%) done
Select jobs to execute...

[Thu Dec  4 23:46:49 2025]
rule article_download:
    input: ../data/raw/PMIDs/ID_batches/batch_am
    output: ../data/raw/Articles/individual/batch_am.done
    jobid: 16
    reason: Missing output files: ../data/raw/Articles/individual/batch_am.done
    wildcards: id=am
    resources: tmpdir=/tmp


        mkdir -p ../data/raw/Articles/artbatches
        mkdir -p ../data/raw/Articles/individual
        bash 2-journal_downl.sh ../data/raw/PMIDs/ID_batches/batch_am
        touch ../data/raw/Articles/individual/batch_am.done
        
[Thu Dec  4 23:46:53 2025]
Finished job 33.
9 of 134 steps (7%) done
Select jobs to execute...

[Thu Dec  4 23:46:53 2025]
rule article_download:
    input: ../data/raw/PMIDs/ID_batches/batch_az
    output: ../data/raw/Articles/individual/batch_az.done
    jobid: 29
    reason: Missing output files: ../data/raw/Articles/individual/batch_az.done
    wildcards: id=az
    resources: tmpdir=/tmp


        mkdir -p ../data/raw/Articles/artbatches
        mkdir -p ../data/raw/Articles/individual
        bash 2-journal_downl.sh ../data/raw/PMIDs/ID_batches/batch_az
        touch ../data/raw/Articles/individual/batch_az.done
        
[Thu Dec  4 23:46:53 2025]
Finished job 46.
10 of 134 steps (7%) done
Select jobs to execute...

[Thu Dec  4 23:46:53 2025]
rule article_download:
    input: ../data/raw/PMIDs/ID_batches/batch_dh
    output: ../data/raw/Articles/individual/batch_dh.done
    jobid: 89
    reason: Missing output files: ../data/raw/Articles/individual/batch_dh.done
    wildcards: id=dh
    resources: tmpdir=/tmp


        mkdir -p ../data/raw/Articles/artbatches
        mkdir -p ../data/raw/Articles/individual
        bash 2-journal_downl.sh ../data/raw/PMIDs/ID_batches/batch_dh
        touch ../data/raw/Articles/individual/batch_dh.done
        
[Thu Dec  4 23:46:58 2025]
Finished job 16.
11 of 134 steps (8%) done
Select jobs to execute...

[Thu Dec  4 23:46:58 2025]
rule article_download:
    input: ../data/raw/PMIDs/ID_batches/batch_bl
    output: ../data/raw/Articles/individual/batch_bl.done
    jobid: 41
    reason: Missing output files: ../data/raw/Articles/individual/batch_bl.done
    wildcards: id=bl
    resources: tmpdir=/tmp


        mkdir -p ../data/raw/Articles/artbatches
        mkdir -p ../data/raw/Articles/individual
        bash 2-journal_downl.sh ../data/raw/PMIDs/ID_batches/batch_bl
        touch ../data/raw/Articles/individual/batch_bl.done
        
[Thu Dec  4 23:47:02 2025]
Finished job 29.
12 of 134 steps (9%) done
Select jobs to execute...

[Thu Dec  4 23:47:02 2025]
rule article_download:
    input: ../data/raw/PMIDs/ID_batches/batch_cq
    output: ../data/raw/Articles/individual/batch_cq.done
    jobid: 72
    reason: Missing output files: ../data/raw/Articles/individual/batch_cq.done
    wildcards: id=cq
    resources: tmpdir=/tmp


        mkdir -p ../data/raw/Articles/artbatches
        mkdir -p ../data/raw/Articles/individual
        bash 2-journal_downl.sh ../data/raw/PMIDs/ID_batches/batch_cq
        touch ../data/raw/Articles/individual/batch_cq.done
        
[Thu Dec  4 23:47:03 2025]
Finished job 89.
13 of 134 steps (10%) done
Select jobs to execute...

[Thu Dec  4 23:47:03 2025]
rule article_download:
    input: ../data/raw/PMIDs/ID_batches/batch_ey
    output: ../data/raw/Articles/individual/batch_ey.done
    jobid: 132
    reason: Missing output files: ../data/raw/Articles/individual/batch_ey.done
    wildcards: id=ey
    resources: tmpdir=/tmp


        mkdir -p ../data/raw/Articles/artbatches
        mkdir -p ../data/raw/Articles/individual
        bash 2-journal_downl.sh ../data/raw/PMIDs/ID_batches/batch_ey
        touch ../data/raw/Articles/individual/batch_ey.done
        
[Thu Dec  4 23:47:08 2025]
Finished job 41.
14 of 134 steps (10%) done
Select jobs to execute...

[Thu Dec  4 23:47:08 2025]
rule article_download:
    input: ../data/raw/PMIDs/ID_batches/batch_bm
    output: ../data/raw/Articles/individual/batch_bm.done
    jobid: 42
    reason: Missing output files: ../data/raw/Articles/individual/batch_bm.done
    wildcards: id=bm
    resources: tmpdir=/tmp


        mkdir -p ../data/raw/Articles/artbatches
        mkdir -p ../data/raw/Articles/individual
        bash 2-journal_downl.sh ../data/raw/PMIDs/ID_batches/batch_bm
        touch ../data/raw/Articles/individual/batch_bm.done
        
[Thu Dec  4 23:47:09 2025]
Finished job 132.
15 of 134 steps (11%) done
Select jobs to execute...

[Thu Dec  4 23:47:09 2025]
rule article_download:
    input: ../data/raw/PMIDs/ID_batches/batch_bz
    output: ../data/raw/Articles/individual/batch_bz.done
    jobid: 55
    reason: Missing output files: ../data/raw/Articles/individual/batch_bz.done
    wildcards: id=bz
    resources: tmpdir=/tmp


        mkdir -p ../data/raw/Articles/artbatches
        mkdir -p ../data/raw/Articles/individual
        bash 2-journal_downl.sh ../data/raw/PMIDs/ID_batches/batch_bz
        touch ../data/raw/Articles/individual/batch_bz.done
        
[Thu Dec  4 23:47:13 2025]
Finished job 72.
16 of 134 steps (12%) done
Select jobs to execute...

[Thu Dec  4 23:47:13 2025]
rule article_download:
    input: ../data/raw/PMIDs/ID_batches/batch_av
    output: ../data/raw/Articles/individual/batch_av.done
    jobid: 25
    reason: Missing output files: ../data/raw/Articles/individual/batch_av.done
    wildcards: id=av
    resources: tmpdir=/tmp


        mkdir -p ../data/raw/Articles/artbatches
        mkdir -p ../data/raw/Articles/individual
        bash 2-journal_downl.sh ../data/raw/PMIDs/ID_batches/batch_av
        touch ../data/raw/Articles/individual/batch_av.done
        
[Thu Dec  4 23:47:18 2025]
Finished job 42.
17 of 134 steps (13%) done
Select jobs to execute...

[Thu Dec  4 23:47:18 2025]
rule article_download:
    input: ../data/raw/PMIDs/ID_batches/batch_bi
    output: ../data/raw/Articles/individual/batch_bi.done
    jobid: 38
    reason: Missing output files: ../data/raw/Articles/individual/batch_bi.done
    wildcards: id=bi
    resources: tmpdir=/tmp


        mkdir -p ../data/raw/Articles/artbatches
        mkdir -p ../data/raw/Articles/individual
        bash 2-journal_downl.sh ../data/raw/PMIDs/ID_batches/batch_bi
        touch ../data/raw/Articles/individual/batch_bi.done
        
[Thu Dec  4 23:47:19 2025]
Finished job 55.
18 of 134 steps (13%) done
Select jobs to execute...

[Thu Dec  4 23:47:19 2025]
rule article_download:
    input: ../data/raw/PMIDs/ID_batches/batch_dq
    output: ../data/raw/Articles/individual/batch_dq.done
    jobid: 98
    reason: Missing output files: ../data/raw/Articles/individual/batch_dq.done
    wildcards: id=dq
    resources: tmpdir=/tmp


        mkdir -p ../data/raw/Articles/artbatches
        mkdir -p ../data/raw/Articles/individual
        bash 2-journal_downl.sh ../data/raw/PMIDs/ID_batches/batch_dq
        touch ../data/raw/Articles/individual/batch_dq.done
        
[Thu Dec  4 23:47:22 2025]
Finished job 25.
19 of 134 steps (14%) done
Select jobs to execute...

[Thu Dec  4 23:47:22 2025]
rule article_download:
    input: ../data/raw/PMIDs/ID_batches/batch_cm
    output: ../data/raw/Articles/individual/batch_cm.done
    jobid: 68
    reason: Missing output files: ../data/raw/Articles/individual/batch_cm.done
    wildcards: id=cm
    resources: tmpdir=/tmp


        mkdir -p ../data/raw/Articles/artbatches
        mkdir -p ../data/raw/Articles/individual
        bash 2-journal_downl.sh ../data/raw/PMIDs/ID_batches/batch_cm
        touch ../data/raw/Articles/individual/batch_cm.done
        
[Thu Dec  4 23:47:27 2025]
Finished job 98.
20 of 134 steps (15%) done
Select jobs to execute...

[Thu Dec  4 23:47:27 2025]
rule article_download:
    input: ../data/raw/PMIDs/ID_batches/batch_ar
    output: ../data/raw/Articles/individual/batch_ar.done
    jobid: 21
    reason: Missing output files: ../data/raw/Articles/individual/batch_ar.done
    wildcards: id=ar
    resources: tmpdir=/tmp


        mkdir -p ../data/raw/Articles/artbatches
        mkdir -p ../data/raw/Articles/individual
        bash 2-journal_downl.sh ../data/raw/PMIDs/ID_batches/batch_ar
        touch ../data/raw/Articles/individual/batch_ar.done
        
[Thu Dec  4 23:47:28 2025]
Finished job 38.
21 of 134 steps (16%) done
Select jobs to execute...

[Thu Dec  4 23:47:28 2025]
rule article_download:
    input: ../data/raw/PMIDs/ID_batches/batch_bv
    output: ../data/raw/Articles/individual/batch_bv.done
    jobid: 51
    reason: Missing output files: ../data/raw/Articles/individual/batch_bv.done
    wildcards: id=bv
    resources: tmpdir=/tmp


        mkdir -p ../data/raw/Articles/artbatches
        mkdir -p ../data/raw/Articles/individual
        bash 2-journal_downl.sh ../data/raw/PMIDs/ID_batches/batch_bv
        touch ../data/raw/Articles/individual/batch_bv.done
        
[Thu Dec  4 23:47:31 2025]
Finished job 68.
22 of 134 steps (16%) done
Select jobs to execute...

[Thu Dec  4 23:47:31 2025]
rule article_download:
    input: ../data/raw/PMIDs/ID_batches/batch_ed
    output: ../data/raw/Articles/individual/batch_ed.done
    jobid: 111
    reason: Missing output files: ../data/raw/Articles/individual/batch_ed.done
    wildcards: id=ed
    resources: tmpdir=/tmp


        mkdir -p ../data/raw/Articles/artbatches
        mkdir -p ../data/raw/Articles/individual
        bash 2-journal_downl.sh ../data/raw/PMIDs/ID_batches/batch_ed
        touch ../data/raw/Articles/individual/batch_ed.done
        
[Thu Dec  4 23:47:37 2025]
Finished job 21.
23 of 134 steps (17%) done
Select jobs to execute...

[Thu Dec  4 23:47:37 2025]
rule article_download:
    input: ../data/raw/PMIDs/ID_batches/batch_ci
    output: ../data/raw/Articles/individual/batch_ci.done
    jobid: 64
    reason: Missing output files: ../data/raw/Articles/individual/batch_ci.done
    wildcards: id=ci
    resources: tmpdir=/tmp


        mkdir -p ../data/raw/Articles/artbatches
        mkdir -p ../data/raw/Articles/individual
        bash 2-journal_downl.sh ../data/raw/PMIDs/ID_batches/batch_ci
        touch ../data/raw/Articles/individual/batch_ci.done
        
[Thu Dec  4 23:47:39 2025]
Finished job 51.
24 of 134 steps (18%) done
Select jobs to execute...

[Thu Dec  4 23:47:39 2025]
rule article_download:
    input: ../data/raw/PMIDs/ID_batches/batch_be
    output: ../data/raw/Articles/individual/batch_be.done
    jobid: 34
    reason: Missing output files: ../data/raw/Articles/individual/batch_be.done
    wildcards: id=be
    resources: tmpdir=/tmp


        mkdir -p ../data/raw/Articles/artbatches
        mkdir -p ../data/raw/Articles/individual
        bash 2-journal_downl.sh ../data/raw/PMIDs/ID_batches/batch_be
        touch ../data/raw/Articles/individual/batch_be.done
        
[Thu Dec  4 23:47:39 2025]
Finished job 111.
25 of 134 steps (19%) done
Select jobs to execute...

[Thu Dec  4 23:47:39 2025]
rule article_download:
    input: ../data/raw/PMIDs/ID_batches/batch_dt
    output: ../data/raw/Articles/individual/batch_dt.done
    jobid: 101
    reason: Missing output files: ../data/raw/Articles/individual/batch_dt.done
    wildcards: id=dt
    resources: tmpdir=/tmp


        mkdir -p ../data/raw/Articles/artbatches
        mkdir -p ../data/raw/Articles/individual
        bash 2-journal_downl.sh ../data/raw/PMIDs/ID_batches/batch_dt
        touch ../data/raw/Articles/individual/batch_dt.done
        
[Thu Dec  4 23:47:46 2025]
Finished job 64.
26 of 134 steps (19%) done
Select jobs to execute...

[Thu Dec  4 23:47:46 2025]
rule article_download:
    input: ../data/raw/PMIDs/ID_batches/batch_by
    output: ../data/raw/Articles/individual/batch_by.done
    jobid: 54
    reason: Missing output files: ../data/raw/Articles/individual/batch_by.done
    wildcards: id=by
    resources: tmpdir=/tmp


        mkdir -p ../data/raw/Articles/artbatches
        mkdir -p ../data/raw/Articles/individual
        bash 2-journal_downl.sh ../data/raw/PMIDs/ID_batches/batch_by
        touch ../data/raw/Articles/individual/batch_by.done
        
[Thu Dec  4 23:47:48 2025]
Finished job 34.
27 of 134 steps (20%) done
Select jobs to execute...

[Thu Dec  4 23:47:48 2025]
rule article_download:
    input: ../data/raw/PMIDs/ID_batches/batch_ba
    output: ../data/raw/Articles/individual/batch_ba.done
    jobid: 30
    reason: Missing output files: ../data/raw/Articles/individual/batch_ba.done
    wildcards: id=ba
    resources: tmpdir=/tmp


        mkdir -p ../data/raw/Articles/artbatches
        mkdir -p ../data/raw/Articles/individual
        bash 2-journal_downl.sh ../data/raw/PMIDs/ID_batches/batch_ba
        touch ../data/raw/Articles/individual/batch_ba.done
        
[Thu Dec  4 23:47:48 2025]
Finished job 101.
28 of 134 steps (21%) done
Select jobs to execute...

[Thu Dec  4 23:47:48 2025]
rule article_download:
    input: ../data/raw/PMIDs/ID_batches/batch_ce
    output: ../data/raw/Articles/individual/batch_ce.done
    jobid: 60
    reason: Missing output files: ../data/raw/Articles/individual/batch_ce.done
    wildcards: id=ce
    resources: tmpdir=/tmp


        mkdir -p ../data/raw/Articles/artbatches
        mkdir -p ../data/raw/Articles/individual
        bash 2-journal_downl.sh ../data/raw/PMIDs/ID_batches/batch_ce
        touch ../data/raw/Articles/individual/batch_ce.done
        
[Thu Dec  4 23:47:56 2025]
Finished job 54.
29 of 134 steps (22%) done
Select jobs to execute...

[Thu Dec  4 23:47:56 2025]
rule article_download:
    input: ../data/raw/PMIDs/ID_batches/batch_aj
    output: ../data/raw/Articles/individual/batch_aj.done
    jobid: 13
    reason: Missing output files: ../data/raw/Articles/individual/batch_aj.done
    wildcards: id=aj
    resources: tmpdir=/tmp


        mkdir -p ../data/raw/Articles/artbatches
        mkdir -p ../data/raw/Articles/individual
        bash 2-journal_downl.sh ../data/raw/PMIDs/ID_batches/batch_aj
        touch ../data/raw/Articles/individual/batch_aj.done
        
[Thu Dec  4 23:47:57 2025]
Finished job 30.
30 of 134 steps (22%) done
Select jobs to execute...

[Thu Dec  4 23:47:57 2025]
rule article_download:
    input: ../data/raw/PMIDs/ID_batches/batch_ez
    output: ../data/raw/Articles/individual/batch_ez.done
    jobid: 133
    reason: Missing output files: ../data/raw/Articles/individual/batch_ez.done
    wildcards: id=ez
    resources: tmpdir=/tmp


        mkdir -p ../data/raw/Articles/artbatches
        mkdir -p ../data/raw/Articles/individual
        bash 2-journal_downl.sh ../data/raw/PMIDs/ID_batches/batch_ez
        touch ../data/raw/Articles/individual/batch_ez.done
        
[Thu Dec  4 23:47:58 2025]
Finished job 60.
31 of 134 steps (23%) done
Select jobs to execute...

[Thu Dec  4 23:47:58 2025]
rule article_download:
    input: ../data/raw/PMIDs/ID_batches/batch_bn
    output: ../data/raw/Articles/individual/batch_bn.done
    jobid: 43
    reason: Missing output files: ../data/raw/Articles/individual/batch_bn.done
    wildcards: id=bn
    resources: tmpdir=/tmp


        mkdir -p ../data/raw/Articles/artbatches
        mkdir -p ../data/raw/Articles/individual
        bash 2-journal_downl.sh ../data/raw/PMIDs/ID_batches/batch_bn
        touch ../data/raw/Articles/individual/batch_bn.done
        
[Thu Dec  4 23:48:03 2025]
Finished job 133.
32 of 134 steps (24%) done
Select jobs to execute...

[Thu Dec  4 23:48:03 2025]
rule article_download:
    input: ../data/raw/PMIDs/ID_batches/batch_dv
    output: ../data/raw/Articles/individual/batch_dv.done
    jobid: 103
    reason: Missing output files: ../data/raw/Articles/individual/batch_dv.done
    wildcards: id=dv
    resources: tmpdir=/tmp


        mkdir -p ../data/raw/Articles/artbatches
        mkdir -p ../data/raw/Articles/individual
        bash 2-journal_downl.sh ../data/raw/PMIDs/ID_batches/batch_dv
        touch ../data/raw/Articles/individual/batch_dv.done
        
Terminating processes on user request, this might take some time.
[Thu Dec  4 23:48:04 2025]
Error in rule article_download:
    jobid: 103
    input: ../data/raw/PMIDs/ID_batches/batch_dv
    output: ../data/raw/Articles/individual/batch_dv.done
    shell:
        
        mkdir -p ../data/raw/Articles/artbatches
        mkdir -p ../data/raw/Articles/individual
        bash 2-journal_downl.sh ../data/raw/PMIDs/ID_batches/batch_dv
        touch ../data/raw/Articles/individual/batch_dv.done
        
        (one of the commands exited with non-zero exit code; note that snakemake uses bash strict mode!)

[Thu Dec  4 23:48:04 2025]
[Thu Dec  4 23:48:04 2025]
Error in rule article_download:
    jobid: 13
    input: ../data/raw/PMIDs/ID_batches/batch_aj
    output: ../data/raw/Articles/individual/batch_aj.done
    shell:
        
        mkdir -p ../data/raw/Articles/artbatches
        mkdir -p ../data/raw/Articles/individual
        bash 2-journal_downl.sh ../data/raw/PMIDs/ID_batches/batch_aj
        touch ../data/raw/Articles/individual/batch_aj.done
        
        (one of the commands exited with non-zero exit code; note that snakemake uses bash strict mode!)

Error in rule article_download:
    jobid: 43
    input: ../data/raw/PMIDs/ID_batches/batch_bn
    output: ../data/raw/Articles/individual/batch_bn.done
    shell:
        
        mkdir -p ../data/raw/Articles/artbatches
        mkdir -p ../data/raw/Articles/individual
        bash 2-journal_downl.sh ../data/raw/PMIDs/ID_batches/batch_bn
        touch ../data/raw/Articles/individual/batch_bn.done
        
        (one of the commands exited with non-zero exit code; note that snakemake uses bash strict mode!)

Complete log: .snakemake/log/2025-12-04T234617.097975.snakemake.log
