Building DAG of jobs...
Using shell: /usr/bin/bash
Provided cores: 3
Rules claiming more threads will be scaled down.
Job stats:
job                      count    min threads    max threads
---------------------  -------  -------------  -------------
all                          1              1              1
journal_formatting           1              1              1
journal_visualisation        1              1              1
list_download                1              1              1
total                        4              1              1

Select jobs to execute...

[Sat Dec  6 13:39:54 2025]
checkpoint list_download:
    output: ../data/raw/PMIDs/ID_batches
    jobid: 3
    reason: Missing output files: ../data/raw/PMIDs/ID_batches
    resources: tmpdir=/tmp
DAG of jobs will be updated after completion.


        mkdir -p ../data/raw/PMIDs
        bash 1-ID_list_downl.sh true
        
[Sat Dec  6 13:39:55 2025]
Finished job 3.
1 of 4 steps (25%) done
Select jobs to execute...

[Sat Dec  6 13:39:55 2025]
rule article_download:
    input: ../data/raw/PMIDs/ID_batches/batch_aa
    output: ../data/raw/Articles/individual/batch_aa.done
    jobid: 5
    reason: Missing output files: ../data/raw/Articles/individual/batch_aa.done
    wildcards: id=aa
    resources: tmpdir=/tmp


        mkdir -p ../data/raw/Articles/artbatches
        mkdir -p ../data/raw/Articles/individual
        bash 2-journal_downl.sh ../data/raw/PMIDs/ID_batches/batch_aa
        touch ../data/raw/Articles/individual/batch_aa.done
        
[Sat Dec  6 13:39:59 2025]
Finished job 5.
2 of 5 steps (40%) done
Select jobs to execute...

[Sat Dec  6 13:39:59 2025]
rule journal_formatting:
    input: ../data/raw/PMIDs/ID_batches, ../data/raw/Articles/individual/batch_aa.done
    output: ../data/clean/journal_data_cleaned.tsv
    jobid: 2
    reason: Missing output files: ../data/clean/journal_data_cleaned.tsv; Input files updated by another job: ../data/raw/Articles/individual/batch_aa.done
    resources: tmpdir=/tmp


        Rscript 3-journal_formatting.R ../data/raw/Articles ../data/clean/journal_data_cleaned.tsv
        
[Sat Dec  6 13:40:01 2025]
Finished job 2.
3 of 5 steps (60%) done
Select jobs to execute...

[Sat Dec  6 13:40:01 2025]
rule journal_visualisation:
    input: ../data/clean/journal_data_cleaned.tsv
    output: ../data/clean/abstract_tsne_clustering.png
    jobid: 1
    reason: Missing output files: ../data/clean/abstract_tsne_clustering.png; Input files updated by another job: ../data/clean/journal_data_cleaned.tsv
    resources: tmpdir=/tmp


        Rscript 4-journal_visualisation.R ../data/clean/abstract_tsne_clustering.png
        
[Sat Dec  6 13:40:06 2025]
Finished job 1.
4 of 5 steps (80%) done
Select jobs to execute...

[Sat Dec  6 13:40:06 2025]
localrule all:
    input: ../data/clean/abstract_tsne_clustering.png
    jobid: 0
    reason: Input files updated by another job: ../data/clean/abstract_tsne_clustering.png
    resources: tmpdir=/tmp

[Sat Dec  6 13:40:06 2025]
Finished job 0.
5 of 5 steps (100%) done
Complete log: .snakemake/log/2025-12-06T133953.399095.snakemake.log
